{"C:\\Users\\91961\\Desktop\\Group38_FDFED_PROJECT\\fedproject\\backend\\server1.js": {"path":"C:\\Users\\91961\\Desktop\\Group38_FDFED_PROJECT\\fedproject\\backend\\server1.js","statementMap":{"0":{"start":{"line":1,"column":16},"end":{"line":1,"column":34}},"1":{"start":{"line":2,"column":13},"end":{"line":2,"column":28}},"2":{"start":{"line":3,"column":21},"end":{"line":3,"column":58}},"3":{"start":{"line":4,"column":19},"end":{"line":4,"column":49}},"4":{"start":{"line":5,"column":19},"end":{"line":5,"column":49}},"5":{"start":{"line":6,"column":20},"end":{"line":6,"column":51}},"6":{"start":{"line":7,"column":16},"end":{"line":7,"column":42}},"7":{"start":{"line":8,"column":19},"end":{"line":8,"column":41}},"8":{"start":{"line":9,"column":21},"end":{"line":9,"column":45}},"9":{"start":{"line":10,"column":15},"end":{"line":10,"column":32}},"10":{"start":{"line":11,"column":0},"end":{"line":11,"column":27}},"11":{"start":{"line":12,"column":15},"end":{"line":12,"column":32}},"12":{"start":{"line":13,"column":19},"end":{"line":13,"column":43}},"13":{"start":{"line":16,"column":12},"end":{"line":16,"column":21}},"14":{"start":{"line":19,"column":18},"end":{"line":19,"column":49}},"15":{"start":{"line":21,"column":0},"end":{"line":21,"column":26}},"16":{"start":{"line":23,"column":0},"end":{"line":23,"column":27}},"17":{"start":{"line":24,"column":0},"end":{"line":24,"column":51}},"18":{"start":{"line":25,"column":0},"end":{"line":25,"column":24}},"19":{"start":{"line":28,"column":0},"end":{"line":36,"column":2}},"20":{"start":{"line":41,"column":0},"end":{"line":41,"column":24}},"21":{"start":{"line":44,"column":23},"end":{"line":47,"column":1}},"22":{"start":{"line":49,"column":0},"end":{"line":59,"column":4}},"23":{"start":{"line":51,"column":4},"end":{"line":55,"column":5}},"24":{"start":{"line":52,"column":6},"end":{"line":52,"column":27}},"25":{"start":{"line":54,"column":6},"end":{"line":54,"column":49}},"26":{"start":{"line":62,"column":0},"end":{"line":73,"column":4}},"27":{"start":{"line":76,"column":0},"end":{"line":76,"column":29}},"28":{"start":{"line":77,"column":0},"end":{"line":77,"column":29}},"29":{"start":{"line":78,"column":0},"end":{"line":78,"column":31}},"30":{"start":{"line":81,"column":0},"end":{"line":81,"column":22}},"31":{"start":{"line":84,"column":0},"end":{"line":84,"column":21}}},"fnMap":{"0":{"name":"(anonymous_0)","decl":{"start":{"line":50,"column":10},"end":{"line":50,"column":11}},"loc":{"start":{"line":50,"column":38},"end":{"line":56,"column":3}},"line":50}},"branchMap":{"0":{"loc":{"start":{"line":51,"column":4},"end":{"line":55,"column":5}},"type":"if","locations":[{"start":{"line":51,"column":4},"end":{"line":55,"column":5}},{"start":{"line":53,"column":11},"end":{"line":55,"column":5}}],"line":51},"1":{"loc":{"start":{"line":51,"column":8},"end":{"line":51,"column":50}},"type":"binary-expr","locations":[{"start":{"line":51,"column":8},"end":{"line":51,"column":15}},{"start":{"line":51,"column":19},"end":{"line":51,"column":50}}],"line":51},"2":{"loc":{"start":{"line":63,"column":10},"end":{"line":63,"column":49}},"type":"binary-expr","locations":[{"start":{"line":63,"column":10},"end":{"line":63,"column":36}},{"start":{"line":63,"column":40},"end":{"line":63,"column":49}}],"line":63},"3":{"loc":{"start":{"line":66,"column":9},"end":{"line":66,"column":103}},"type":"cond-expr","locations":[{"start":{"line":66,"column":21},"end":{"line":66,"column":46}},{"start":{"line":66,"column":49},"end":{"line":66,"column":103}}],"line":66},"4":{"loc":{"start":{"line":70,"column":14},"end":{"line":70,"column":68}},"type":"cond-expr","locations":[{"start":{"line":70,"column":54},"end":{"line":70,"column":60}},{"start":{"line":70,"column":63},"end":{"line":70,"column":68}}],"line":70}},"s":{"0":2,"1":2,"2":2,"3":2,"4":2,"5":2,"6":2,"7":2,"8":2,"9":2,"10":2,"11":2,"12":2,"13":2,"14":2,"15":2,"16":2,"17":2,"18":2,"19":2,"20":2,"21":2,"22":2,"23":24,"24":24,"25":0,"26":2,"27":2,"28":2,"29":2,"30":2,"31":2},"f":{"0":24},"b":{"0":[24,0],"1":[24,0],"2":[2,2],"3":[2,0],"4":[0,2]},"_coverageSchema":"1a1c01bbd47fc00a2c39e90264f33305004495a9","hash":"123bc478ad3d6d921e45df547cb27dfbf277379e"}
,"C:\\Users\\91961\\Desktop\\Group38_FDFED_PROJECT\\fedproject\\backend\\config\\redisClient.js": {"path":"C:\\Users\\91961\\Desktop\\Group38_FDFED_PROJECT\\fedproject\\backend\\config\\redisClient.js","statementMap":{"0":{"start":{"line":1,"column":14},"end":{"line":1,"column":32}},"1":{"start":{"line":2,"column":0},"end":{"line":2,"column":27}},"2":{"start":{"line":5,"column":15},"end":{"line":5,"column":47}},"3":{"start":{"line":8,"column":14},"end":{"line":14,"column":2}},"4":{"start":{"line":17,"column":0},"end":{"line":19,"column":3}},"5":{"start":{"line":18,"column":2},"end":{"line":18,"column":38}},"6":{"start":{"line":22,"column":0},"end":{"line":24,"column":3}},"7":{"start":{"line":23,"column":2},"end":{"line":23,"column":50}},"8":{"start":{"line":26,"column":0},"end":{"line":26,"column":23}}},"fnMap":{"0":{"name":"(anonymous_0)","decl":{"start":{"line":17,"column":20},"end":{"line":17,"column":21}},"loc":{"start":{"line":17,"column":26},"end":{"line":19,"column":1}},"line":17},"1":{"name":"(anonymous_1)","decl":{"start":{"line":22,"column":18},"end":{"line":22,"column":19}},"loc":{"start":{"line":22,"column":27},"end":{"line":24,"column":1}},"line":22}},"branchMap":{"0":{"loc":{"start":{"line":11,"column":12},"end":{"line":11,"column":51}},"type":"binary-expr","locations":[{"start":{"line":11,"column":12},"end":{"line":11,"column":38}},{"start":{"line":11,"column":42},"end":{"line":11,"column":51}}],"line":11},"1":{"loc":{"start":{"line":12,"column":12},"end":{"line":12,"column":51}},"type":"binary-expr","locations":[{"start":{"line":12,"column":12},"end":{"line":12,"column":38}},{"start":{"line":12,"column":42},"end":{"line":12,"column":51}}],"line":12},"2":{"loc":{"start":{"line":13,"column":6},"end":{"line":13,"column":31}},"type":"cond-expr","locations":[{"start":{"line":13,"column":15},"end":{"line":13,"column":26}},{"start":{"line":13,"column":29},"end":{"line":13,"column":31}}],"line":13}},"s":{"0":1,"1":1,"2":1,"3":1,"4":1,"5":1,"6":1,"7":0,"8":1},"f":{"0":1,"1":0},"b":{"0":[1,0],"1":[1,0],"2":[0,1]},"_coverageSchema":"1a1c01bbd47fc00a2c39e90264f33305004495a9","hash":"1d9bca524dc94a67df679972db189a6c2e0f8b4d"}
,"C:\\Users\\91961\\Desktop\\Group38_FDFED_PROJECT\\fedproject\\backend\\controllers\\admincontroller.js": {"path":"C:\\Users\\91961\\Desktop\\Group38_FDFED_PROJECT\\fedproject\\backend\\controllers\\admincontroller.js","statementMap":{"0":{"start":{"line":1,"column":16},"end":{"line":1,"column":34}},"1":{"start":{"line":2,"column":13},"end":{"line":2,"column":38}},"2":{"start":{"line":3,"column":13},"end":{"line":3,"column":38}},"3":{"start":{"line":4,"column":16},"end":{"line":4,"column":44}},"4":{"start":{"line":5,"column":14},"end":{"line":5,"column":40}},"5":{"start":{"line":6,"column":14},"end":{"line":6,"column":40}},"6":{"start":{"line":7,"column":14},"end":{"line":7,"column":40}},"7":{"start":{"line":8,"column":12},"end":{"line":8,"column":37}},"8":{"start":{"line":9,"column":9},"end":{"line":9,"column":22}},"9":{"start":{"line":10,"column":11},"end":{"line":10,"column":26}},"10":{"start":{"line":11,"column":14},"end":{"line":11,"column":46}},"11":{"start":{"line":14,"column":23},"end":{"line":58,"column":1}},"12":{"start":{"line":15,"column":4},"end":{"line":57,"column":5}},"13":{"start":{"line":16,"column":25},"end":{"line":16,"column":39}},"14":{"start":{"line":17,"column":27},"end":{"line":17,"column":52}},"15":{"start":{"line":19,"column":8},"end":{"line":22,"column":9}},"16":{"start":{"line":20,"column":12},"end":{"line":20,"column":60}},"17":{"start":{"line":21,"column":12},"end":{"line":21,"column":42}},"18":{"start":{"line":24,"column":22},"end":{"line":24,"column":46}},"19":{"start":{"line":25,"column":22},"end":{"line":25,"column":80}},"20":{"start":{"line":26,"column":24},"end":{"line":26,"column":49}},"21":{"start":{"line":28,"column":8},"end":{"line":47,"column":11}},"22":{"start":{"line":29,"column":12},"end":{"line":46,"column":13}},"23":{"start":{"line":30,"column":16},"end":{"line":45,"column":19}},"24":{"start":{"line":31,"column":34},"end":{"line":31,"column":50}},"25":{"start":{"line":32,"column":20},"end":{"line":42,"column":21}},"26":{"start":{"line":33,"column":24},"end":{"line":38,"column":25}},"27":{"start":{"line":34,"column":45},"end":{"line":34,"column":84}},"28":{"start":{"line":35,"column":28},"end":{"line":35,"column":110}},"29":{"start":{"line":37,"column":28},"end":{"line":37,"column":48}},"30":{"start":{"line":40,"column":24},"end":{"line":40,"column":87}},"31":{"start":{"line":41,"column":24},"end":{"line":41,"column":44}},"32":{"start":{"line":43,"column":20},"end":{"line":43,"column":39}},"33":{"start":{"line":44,"column":20},"end":{"line":44,"column":32}},"34":{"start":{"line":49,"column":29},"end":{"line":49,"column":54}},"35":{"start":{"line":51,"column":8},"end":{"line":51,"column":76}},"36":{"start":{"line":52,"column":8},"end":{"line":52,"column":28}},"37":{"start":{"line":55,"column":8},"end":{"line":55,"column":55}},"38":{"start":{"line":56,"column":8},"end":{"line":56,"column":74}},"39":{"start":{"line":63,"column":0},"end":{"line":80,"column":2}},"40":{"start":{"line":64,"column":4},"end":{"line":79,"column":5}},"41":{"start":{"line":65,"column":8},"end":{"line":76,"column":9}},"42":{"start":{"line":66,"column":26},"end":{"line":66,"column":67}},"43":{"start":{"line":67,"column":28},"end":{"line":67,"column":50}},"44":{"start":{"line":68,"column":12},"end":{"line":73,"column":15}},"45":{"start":{"line":75,"column":12},"end":{"line":75,"column":22}},"46":{"start":{"line":78,"column":8},"end":{"line":78,"column":58}},"47":{"start":{"line":83,"column":0},"end":{"line":107,"column":2}},"48":{"start":{"line":84,"column":28},"end":{"line":84,"column":36}},"49":{"start":{"line":86,"column":4},"end":{"line":106,"column":5}},"50":{"start":{"line":87,"column":21},"end":{"line":87,"column":48}},"51":{"start":{"line":89,"column":8},"end":{"line":91,"column":9}},"52":{"start":{"line":90,"column":12},"end":{"line":90,"column":71}},"53":{"start":{"line":94,"column":8},"end":{"line":99,"column":11}},"54":{"start":{"line":95,"column":12},"end":{"line":98,"column":13}},"55":{"start":{"line":96,"column":16},"end":{"line":96,"column":36}},"56":{"start":{"line":97,"column":16},"end":{"line":97,"column":53}},"57":{"start":{"line":101,"column":28},"end":{"line":101,"column":45}},"58":{"start":{"line":102,"column":8},"end":{"line":102,"column":37}},"59":{"start":{"line":104,"column":8},"end":{"line":104,"column":54}},"60":{"start":{"line":105,"column":8},"end":{"line":105,"column":20}},"61":{"start":{"line":109,"column":0},"end":{"line":129,"column":2}},"62":{"start":{"line":110,"column":35},"end":{"line":110,"column":43}},"63":{"start":{"line":111,"column":4},"end":{"line":128,"column":5}},"64":{"start":{"line":112,"column":21},"end":{"line":112,"column":48}},"65":{"start":{"line":113,"column":8},"end":{"line":115,"column":9}},"66":{"start":{"line":114,"column":12},"end":{"line":114,"column":71}},"67":{"start":{"line":117,"column":28},"end":{"line":117,"column":100}},"68":{"start":{"line":117,"column":68},"end":{"line":117,"column":99}},"69":{"start":{"line":118,"column":8},"end":{"line":120,"column":9}},"70":{"start":{"line":119,"column":12},"end":{"line":119,"column":73}},"71":{"start":{"line":122,"column":8},"end":{"line":122,"column":52}},"72":{"start":{"line":123,"column":8},"end":{"line":123,"column":26}},"73":{"start":{"line":125,"column":8},"end":{"line":125,"column":86}},"74":{"start":{"line":127,"column":8},"end":{"line":127,"column":20}},"75":{"start":{"line":130,"column":0},"end":{"line":150,"column":2}},"76":{"start":{"line":131,"column":35},"end":{"line":131,"column":43}},"77":{"start":{"line":132,"column":4},"end":{"line":149,"column":5}},"78":{"start":{"line":133,"column":21},"end":{"line":133,"column":48}},"79":{"start":{"line":134,"column":8},"end":{"line":136,"column":9}},"80":{"start":{"line":135,"column":12},"end":{"line":135,"column":71}},"81":{"start":{"line":138,"column":28},"end":{"line":138,"column":100}},"82":{"start":{"line":138,"column":68},"end":{"line":138,"column":99}},"83":{"start":{"line":139,"column":8},"end":{"line":141,"column":9}},"84":{"start":{"line":140,"column":12},"end":{"line":140,"column":73}},"85":{"start":{"line":143,"column":8},"end":{"line":143,"column":42}},"86":{"start":{"line":144,"column":8},"end":{"line":144,"column":26}},"87":{"start":{"line":146,"column":8},"end":{"line":146,"column":86}},"88":{"start":{"line":148,"column":8},"end":{"line":148,"column":20}},"89":{"start":{"line":152,"column":0},"end":{"line":160,"column":2}},"90":{"start":{"line":153,"column":23},"end":{"line":153,"column":31}},"91":{"start":{"line":154,"column":4},"end":{"line":159,"column":5}},"92":{"start":{"line":155,"column":8},"end":{"line":155,"column":44}},"93":{"start":{"line":156,"column":8},"end":{"line":156,"column":66}},"94":{"start":{"line":158,"column":8},"end":{"line":158,"column":20}},"95":{"start":{"line":162,"column":0},"end":{"line":174,"column":2}},"96":{"start":{"line":163,"column":27},"end":{"line":163,"column":35}},"97":{"start":{"line":164,"column":4},"end":{"line":173,"column":5}},"98":{"start":{"line":165,"column":24},"end":{"line":165,"column":44}},"99":{"start":{"line":166,"column":22},"end":{"line":166,"column":50}},"100":{"start":{"line":167,"column":8},"end":{"line":167,"column":45}},"101":{"start":{"line":168,"column":8},"end":{"line":168,"column":27}},"102":{"start":{"line":170,"column":8},"end":{"line":170,"column":77}},"103":{"start":{"line":172,"column":8},"end":{"line":172,"column":20}},"104":{"start":{"line":176,"column":0},"end":{"line":189,"column":2}},"105":{"start":{"line":177,"column":4},"end":{"line":188,"column":5}},"106":{"start":{"line":178,"column":21},"end":{"line":178,"column":28}},"107":{"start":{"line":179,"column":22},"end":{"line":179,"column":56}},"108":{"start":{"line":181,"column":8},"end":{"line":185,"column":9}},"109":{"start":{"line":182,"column":12},"end":{"line":182,"column":74}},"110":{"start":{"line":184,"column":12},"end":{"line":184,"column":65}},"111":{"start":{"line":187,"column":8},"end":{"line":187,"column":18}},"112":{"start":{"line":191,"column":0},"end":{"line":234,"column":2}},"113":{"start":{"line":192,"column":4},"end":{"line":233,"column":5}},"114":{"start":{"line":193,"column":25},"end":{"line":193,"column":45}},"115":{"start":{"line":194,"column":22},"end":{"line":194,"column":39}},"116":{"start":{"line":196,"column":24},"end":{"line":196,"column":26}},"117":{"start":{"line":197,"column":8},"end":{"line":199,"column":11}},"118":{"start":{"line":198,"column":12},"end":{"line":198,"column":46}},"119":{"start":{"line":201,"column":27},"end":{"line":201,"column":29}},"120":{"start":{"line":202,"column":27},"end":{"line":202,"column":28}},"121":{"start":{"line":204,"column":8},"end":{"line":219,"column":11}},"122":{"start":{"line":205,"column":27},"end":{"line":205,"column":39}},"123":{"start":{"line":206,"column":32},"end":{"line":206,"column":56}},"124":{"start":{"line":207,"column":12},"end":{"line":207,"column":40}},"125":{"start":{"line":209,"column":12},"end":{"line":218,"column":13}},"126":{"start":{"line":210,"column":16},"end":{"line":217,"column":17}},"127":{"start":{"line":211,"column":20},"end":{"line":211,"column":66}},"128":{"start":{"line":213,"column":20},"end":{"line":216,"column":22}},"129":{"start":{"line":221,"column":29},"end":{"line":225,"column":11}},"130":{"start":{"line":221,"column":70},"end":{"line":225,"column":9}},"131":{"start":{"line":227,"column":8},"end":{"line":230,"column":11}},"132":{"start":{"line":232,"column":8},"end":{"line":232,"column":20}},"133":{"start":{"line":237,"column":0},"end":{"line":258,"column":2}},"134":{"start":{"line":238,"column":4},"end":{"line":257,"column":5}},"135":{"start":{"line":239,"column":22},"end":{"line":239,"column":32}},"136":{"start":{"line":240,"column":27},"end":{"line":240,"column":63}},"137":{"start":{"line":241,"column":25},"end":{"line":241,"column":66}},"138":{"start":{"line":243,"column":31},"end":{"line":243,"column":100}},"139":{"start":{"line":244,"column":31},"end":{"line":246,"column":32}},"140":{"start":{"line":247,"column":29},"end":{"line":247,"column":100}},"141":{"start":{"line":249,"column":8},"end":{"line":254,"column":11}},"142":{"start":{"line":256,"column":8},"end":{"line":256,"column":18}},"143":{"start":{"line":260,"column":0},"end":{"line":272,"column":2}},"144":{"start":{"line":261,"column":4},"end":{"line":271,"column":5}},"145":{"start":{"line":262,"column":27},"end":{"line":262,"column":45}},"146":{"start":{"line":264,"column":8},"end":{"line":268,"column":9}},"147":{"start":{"line":265,"column":12},"end":{"line":265,"column":64}},"148":{"start":{"line":267,"column":12},"end":{"line":267,"column":81}},"149":{"start":{"line":270,"column":8},"end":{"line":270,"column":18}},"150":{"start":{"line":274,"column":0},"end":{"line":294,"column":2}},"151":{"start":{"line":275,"column":4},"end":{"line":293,"column":5}},"152":{"start":{"line":276,"column":56},"end":{"line":276,"column":64}},"153":{"start":{"line":278,"column":8},"end":{"line":280,"column":9}},"154":{"start":{"line":279,"column":12},"end":{"line":279,"column":81}},"155":{"start":{"line":282,"column":25},"end":{"line":286,"column":10}},"156":{"start":{"line":288,"column":8},"end":{"line":288,"column":30}},"157":{"start":{"line":290,"column":8},"end":{"line":290,"column":94}},"158":{"start":{"line":292,"column":8},"end":{"line":292,"column":18}},"159":{"start":{"line":295,"column":0},"end":{"line":302,"column":1}},"160":{"start":{"line":296,"column":4},"end":{"line":301,"column":5}},"161":{"start":{"line":297,"column":23},"end":{"line":297,"column":41}},"162":{"start":{"line":298,"column":8},"end":{"line":298,"column":41}},"163":{"start":{"line":300,"column":8},"end":{"line":300,"column":18}},"164":{"start":{"line":303,"column":0},"end":{"line":310,"column":1}},"165":{"start":{"line":304,"column":4},"end":{"line":309,"column":5}},"166":{"start":{"line":305,"column":23},"end":{"line":305,"column":40}},"167":{"start":{"line":306,"column":8},"end":{"line":306,"column":41}},"168":{"start":{"line":308,"column":8},"end":{"line":308,"column":18}},"169":{"start":{"line":311,"column":0},"end":{"line":325,"column":6}},"170":{"start":{"line":312,"column":4},"end":{"line":325,"column":5}},"171":{"start":{"line":313,"column":19},"end":{"line":313,"column":32}},"172":{"start":{"line":314,"column":20},"end":{"line":314,"column":47}},"173":{"start":{"line":315,"column":8},"end":{"line":317,"column":9}},"174":{"start":{"line":316,"column":12},"end":{"line":316,"column":78}},"175":{"start":{"line":318,"column":25},"end":{"line":320,"column":14}},"176":{"start":{"line":321,"column":8},"end":{"line":321,"column":30}},"177":{"start":{"line":322,"column":8},"end":{"line":322,"column":87}},"178":{"start":{"line":324,"column":8},"end":{"line":324,"column":18}},"179":{"start":{"line":326,"column":0},"end":{"line":344,"column":6}},"180":{"start":{"line":327,"column":4},"end":{"line":344,"column":5}},"181":{"start":{"line":328,"column":19},"end":{"line":328,"column":32}},"182":{"start":{"line":329,"column":22},"end":{"line":329,"column":38}},"183":{"start":{"line":330,"column":20},"end":{"line":330,"column":46}},"184":{"start":{"line":331,"column":20},"end":{"line":331,"column":49}},"185":{"start":{"line":332,"column":8},"end":{"line":334,"column":9}},"186":{"start":{"line":333,"column":12},"end":{"line":333,"column":77}},"187":{"start":{"line":335,"column":24},"end":{"line":338,"column":14}},"188":{"start":{"line":339,"column":8},"end":{"line":339,"column":29}},"189":{"start":{"line":340,"column":8},"end":{"line":340,"column":35}},"190":{"start":{"line":341,"column":8},"end":{"line":341,"column":84}},"191":{"start":{"line":343,"column":8},"end":{"line":343,"column":25}},"192":{"start":{"line":348,"column":0},"end":{"line":359,"column":2}},"193":{"start":{"line":349,"column":4},"end":{"line":358,"column":5}},"194":{"start":{"line":350,"column":8},"end":{"line":355,"column":11}},"195":{"start":{"line":351,"column":12},"end":{"line":353,"column":13}},"196":{"start":{"line":352,"column":16},"end":{"line":352,"column":33}},"197":{"start":{"line":354,"column":12},"end":{"line":354,"column":73}},"198":{"start":{"line":357,"column":8},"end":{"line":357,"column":79}}},"fnMap":{"0":{"name":"(anonymous_0)","decl":{"start":{"line":14,"column":23},"end":{"line":14,"column":24}},"loc":{"start":{"line":14,"column":43},"end":{"line":58,"column":1}},"line":14},"1":{"name":"(anonymous_1)","decl":{"start":{"line":28,"column":22},"end":{"line":28,"column":23}},"loc":{"start":{"line":28,"column":32},"end":{"line":47,"column":9}},"line":28},"2":{"name":"(anonymous_2)","decl":{"start":{"line":30,"column":64},"end":{"line":30,"column":65}},"loc":{"start":{"line":30,"column":74},"end":{"line":45,"column":17}},"line":30},"3":{"name":"(anonymous_3)","decl":{"start":{"line":63,"column":23},"end":{"line":63,"column":24}},"loc":{"start":{"line":63,"column":49},"end":{"line":80,"column":1}},"line":63},"4":{"name":"(anonymous_4)","decl":{"start":{"line":83,"column":22},"end":{"line":83,"column":23}},"loc":{"start":{"line":83,"column":48},"end":{"line":107,"column":1}},"line":83},"5":{"name":"(anonymous_5)","decl":{"start":{"line":94,"column":37},"end":{"line":94,"column":38}},"loc":{"start":{"line":94,"column":46},"end":{"line":99,"column":9}},"line":94},"6":{"name":"(anonymous_6)","decl":{"start":{"line":109,"column":28},"end":{"line":109,"column":29}},"loc":{"start":{"line":109,"column":54},"end":{"line":129,"column":1}},"line":109},"7":{"name":"(anonymous_7)","decl":{"start":{"line":117,"column":59},"end":{"line":117,"column":60}},"loc":{"start":{"line":117,"column":68},"end":{"line":117,"column":99}},"line":117},"8":{"name":"(anonymous_8)","decl":{"start":{"line":130,"column":28},"end":{"line":130,"column":29}},"loc":{"start":{"line":130,"column":54},"end":{"line":150,"column":1}},"line":130},"9":{"name":"(anonymous_9)","decl":{"start":{"line":138,"column":59},"end":{"line":138,"column":60}},"loc":{"start":{"line":138,"column":68},"end":{"line":138,"column":99}},"line":138},"10":{"name":"(anonymous_10)","decl":{"start":{"line":152,"column":26},"end":{"line":152,"column":27}},"loc":{"start":{"line":152,"column":52},"end":{"line":160,"column":1}},"line":152},"11":{"name":"(anonymous_11)","decl":{"start":{"line":162,"column":24},"end":{"line":162,"column":25}},"loc":{"start":{"line":162,"column":50},"end":{"line":174,"column":1}},"line":162},"12":{"name":"(anonymous_12)","decl":{"start":{"line":176,"column":24},"end":{"line":176,"column":25}},"loc":{"start":{"line":176,"column":50},"end":{"line":189,"column":1}},"line":176},"13":{"name":"(anonymous_13)","decl":{"start":{"line":191,"column":23},"end":{"line":191,"column":24}},"loc":{"start":{"line":191,"column":49},"end":{"line":234,"column":1}},"line":191},"14":{"name":"(anonymous_14)","decl":{"start":{"line":197,"column":22},"end":{"line":197,"column":23}},"loc":{"start":{"line":197,"column":30},"end":{"line":199,"column":9}},"line":197},"15":{"name":"(anonymous_15)","decl":{"start":{"line":204,"column":25},"end":{"line":204,"column":26}},"loc":{"start":{"line":204,"column":38},"end":{"line":219,"column":9}},"line":204},"16":{"name":"(anonymous_16)","decl":{"start":{"line":221,"column":57},"end":{"line":221,"column":58}},"loc":{"start":{"line":221,"column":70},"end":{"line":225,"column":9}},"line":221},"17":{"name":"(anonymous_17)","decl":{"start":{"line":237,"column":25},"end":{"line":237,"column":26}},"loc":{"start":{"line":237,"column":51},"end":{"line":258,"column":1}},"line":237},"18":{"name":"(anonymous_18)","decl":{"start":{"line":260,"column":24},"end":{"line":260,"column":25}},"loc":{"start":{"line":260,"column":50},"end":{"line":272,"column":1}},"line":260},"19":{"name":"(anonymous_19)","decl":{"start":{"line":274,"column":19},"end":{"line":274,"column":20}},"loc":{"start":{"line":274,"column":45},"end":{"line":294,"column":1}},"line":274},"20":{"name":"(anonymous_20)","decl":{"start":{"line":295,"column":22},"end":{"line":295,"column":23}},"loc":{"start":{"line":295,"column":38},"end":{"line":302,"column":1}},"line":295},"21":{"name":"(anonymous_21)","decl":{"start":{"line":303,"column":22},"end":{"line":303,"column":23}},"loc":{"start":{"line":303,"column":38},"end":{"line":310,"column":1}},"line":303},"22":{"name":"(anonymous_22)","decl":{"start":{"line":311,"column":17},"end":{"line":311,"column":18}},"loc":{"start":{"line":311,"column":33},"end":{"line":325,"column":6}},"line":311},"23":{"name":"(anonymous_23)","decl":{"start":{"line":326,"column":16},"end":{"line":326,"column":17}},"loc":{"start":{"line":326,"column":32},"end":{"line":344,"column":6}},"line":326},"24":{"name":"(anonymous_24)","decl":{"start":{"line":348,"column":17},"end":{"line":348,"column":18}},"loc":{"start":{"line":348,"column":43},"end":{"line":359,"column":1}},"line":348},"25":{"name":"(anonymous_25)","decl":{"start":{"line":350,"column":28},"end":{"line":350,"column":29}},"loc":{"start":{"line":350,"column":35},"end":{"line":355,"column":9}},"line":350}},"branchMap":{"0":{"loc":{"start":{"line":19,"column":8},"end":{"line":22,"column":9}},"type":"if","locations":[{"start":{"line":19,"column":8},"end":{"line":22,"column":9}},{"start":{},"end":{}}],"line":19},"1":{"loc":{"start":{"line":29,"column":12},"end":{"line":46,"column":13}},"type":"if","locations":[{"start":{"line":29,"column":12},"end":{"line":46,"column":13}},{"start":{},"end":{}}],"line":29},"2":{"loc":{"start":{"line":29,"column":16},"end":{"line":29,"column":71}},"type":"binary-expr","locations":[{"start":{"line":29,"column":16},"end":{"line":29,"column":36}},{"start":{"line":29,"column":40},"end":{"line":29,"column":71}}],"line":29},"3":{"loc":{"start":{"line":31,"column":34},"end":{"line":31,"column":50}},"type":"binary-expr","locations":[{"start":{"line":31,"column":34},"end":{"line":31,"column":44}},{"start":{"line":31,"column":48},"end":{"line":31,"column":50}}],"line":31},"4":{"loc":{"start":{"line":33,"column":24},"end":{"line":38,"column":25}},"type":"if","locations":[{"start":{"line":33,"column":24},"end":{"line":38,"column":25}},{"start":{"line":36,"column":31},"end":{"line":38,"column":25}}],"line":33},"5":{"loc":{"start":{"line":33,"column":28},"end":{"line":33,"column":59}},"type":"binary-expr","locations":[{"start":{"line":33,"column":28},"end":{"line":33,"column":39}},{"start":{"line":33,"column":43},"end":{"line":33,"column":59}}],"line":33},"6":{"loc":{"start":{"line":34,"column":45},"end":{"line":34,"column":84}},"type":"binary-expr","locations":[{"start":{"line":34,"column":45},"end":{"line":34,"column":68}},{"start":{"line":34,"column":72},"end":{"line":34,"column":84}}],"line":34},"7":{"loc":{"start":{"line":64,"column":4},"end":{"line":79,"column":5}},"type":"if","locations":[{"start":{"line":64,"column":4},"end":{"line":79,"column":5}},{"start":{"line":77,"column":11},"end":{"line":79,"column":5}}],"line":64},"8":{"loc":{"start":{"line":64,"column":8},"end":{"line":64,"column":61}},"type":"binary-expr","locations":[{"start":{"line":64,"column":8},"end":{"line":64,"column":24}},{"start":{"line":64,"column":28},"end":{"line":64,"column":61}}],"line":64},"9":{"loc":{"start":{"line":89,"column":8},"end":{"line":91,"column":9}},"type":"if","locations":[{"start":{"line":89,"column":8},"end":{"line":91,"column":9}},{"start":{},"end":{}}],"line":89},"10":{"loc":{"start":{"line":95,"column":12},"end":{"line":98,"column":13}},"type":"if","locations":[{"start":{"line":95,"column":12},"end":{"line":98,"column":13}},{"start":{},"end":{}}],"line":95},"11":{"loc":{"start":{"line":113,"column":8},"end":{"line":115,"column":9}},"type":"if","locations":[{"start":{"line":113,"column":8},"end":{"line":115,"column":9}},{"start":{},"end":{}}],"line":113},"12":{"loc":{"start":{"line":118,"column":8},"end":{"line":120,"column":9}},"type":"if","locations":[{"start":{"line":118,"column":8},"end":{"line":120,"column":9}},{"start":{},"end":{}}],"line":118},"13":{"loc":{"start":{"line":134,"column":8},"end":{"line":136,"column":9}},"type":"if","locations":[{"start":{"line":134,"column":8},"end":{"line":136,"column":9}},{"start":{},"end":{}}],"line":134},"14":{"loc":{"start":{"line":139,"column":8},"end":{"line":141,"column":9}},"type":"if","locations":[{"start":{"line":139,"column":8},"end":{"line":141,"column":9}},{"start":{},"end":{}}],"line":139},"15":{"loc":{"start":{"line":181,"column":8},"end":{"line":185,"column":9}},"type":"if","locations":[{"start":{"line":181,"column":8},"end":{"line":185,"column":9}},{"start":{"line":183,"column":15},"end":{"line":185,"column":9}}],"line":181},"16":{"loc":{"start":{"line":206,"column":32},"end":{"line":206,"column":56}},"type":"binary-expr","locations":[{"start":{"line":206,"column":32},"end":{"line":206,"column":51}},{"start":{"line":206,"column":55},"end":{"line":206,"column":56}}],"line":206},"17":{"loc":{"start":{"line":209,"column":12},"end":{"line":218,"column":13}},"type":"if","locations":[{"start":{"line":209,"column":12},"end":{"line":218,"column":13}},{"start":{},"end":{}}],"line":209},"18":{"loc":{"start":{"line":210,"column":16},"end":{"line":217,"column":17}},"type":"if","locations":[{"start":{"line":210,"column":16},"end":{"line":217,"column":17}},{"start":{"line":212,"column":23},"end":{"line":217,"column":17}}],"line":210},"19":{"loc":{"start":{"line":214,"column":34},"end":{"line":214,"column":67}},"type":"binary-expr","locations":[{"start":{"line":214,"column":34},"end":{"line":214,"column":49}},{"start":{"line":214,"column":53},"end":{"line":214,"column":67}}],"line":214},"20":{"loc":{"start":{"line":264,"column":8},"end":{"line":268,"column":9}},"type":"if","locations":[{"start":{"line":264,"column":8},"end":{"line":268,"column":9}},{"start":{"line":266,"column":15},"end":{"line":268,"column":9}}],"line":264},"21":{"loc":{"start":{"line":278,"column":8},"end":{"line":280,"column":9}},"type":"if","locations":[{"start":{"line":278,"column":8},"end":{"line":280,"column":9}},{"start":{},"end":{}}],"line":278},"22":{"loc":{"start":{"line":278,"column":12},"end":{"line":278,"column":54}},"type":"binary-expr","locations":[{"start":{"line":278,"column":12},"end":{"line":278,"column":22}},{"start":{"line":278,"column":26},"end":{"line":278,"column":44}},{"start":{"line":278,"column":48},"end":{"line":278,"column":54}}],"line":278},"23":{"loc":{"start":{"line":315,"column":8},"end":{"line":317,"column":9}},"type":"if","locations":[{"start":{"line":315,"column":8},"end":{"line":317,"column":9}},{"start":{},"end":{}}],"line":315},"24":{"loc":{"start":{"line":332,"column":8},"end":{"line":334,"column":9}},"type":"if","locations":[{"start":{"line":332,"column":8},"end":{"line":334,"column":9}},{"start":{},"end":{}}],"line":332},"25":{"loc":{"start":{"line":349,"column":4},"end":{"line":358,"column":5}},"type":"if","locations":[{"start":{"line":349,"column":4},"end":{"line":358,"column":5}},{"start":{"line":356,"column":11},"end":{"line":358,"column":5}}],"line":349},"26":{"loc":{"start":{"line":349,"column":8},"end":{"line":349,"column":56}},"type":"binary-expr","locations":[{"start":{"line":349,"column":8},"end":{"line":349,"column":19}},{"start":{"line":349,"column":23},"end":{"line":349,"column":56}}],"line":349},"27":{"loc":{"start":{"line":351,"column":12},"end":{"line":353,"column":13}},"type":"if","locations":[{"start":{"line":351,"column":12},"end":{"line":353,"column":13}},{"start":{},"end":{}}],"line":351}},"s":{"0":2,"1":2,"2":2,"3":2,"4":2,"5":2,"6":2,"7":2,"8":2,"9":2,"10":2,"11":2,"12":1,"13":1,"14":1,"15":1,"16":0,"17":0,"18":1,"19":1,"20":1,"21":1,"22":0,"23":0,"24":0,"25":0,"26":0,"27":0,"28":0,"29":0,"30":0,"31":0,"32":0,"33":0,"34":1,"35":1,"36":1,"37":0,"38":0,"39":2,"40":1,"41":1,"42":1,"43":1,"44":1,"45":0,"46":0,"47":2,"48":0,"49":0,"50":0,"51":0,"52":0,"53":0,"54":0,"55":0,"56":0,"57":0,"58":0,"59":0,"60":0,"61":2,"62":0,"63":0,"64":0,"65":0,"66":0,"67":0,"68":0,"69":0,"70":0,"71":0,"72":0,"73":0,"74":0,"75":2,"76":0,"77":0,"78":0,"79":0,"80":0,"81":0,"82":0,"83":0,"84":0,"85":0,"86":0,"87":0,"88":0,"89":2,"90":0,"91":0,"92":0,"93":0,"94":0,"95":2,"96":0,"97":0,"98":0,"99":0,"100":0,"101":0,"102":0,"103":0,"104":2,"105":0,"106":0,"107":0,"108":0,"109":0,"110":0,"111":0,"112":2,"113":0,"114":0,"115":0,"116":0,"117":0,"118":0,"119":0,"120":0,"121":0,"122":0,"123":0,"124":0,"125":0,"126":0,"127":0,"128":0,"129":0,"130":0,"131":0,"132":0,"133":2,"134":0,"135":0,"136":0,"137":0,"138":0,"139":0,"140":0,"141":0,"142":0,"143":2,"144":1,"145":1,"146":1,"147":1,"148":0,"149":0,"150":2,"151":0,"152":0,"153":0,"154":0,"155":0,"156":0,"157":0,"158":0,"159":2,"160":1,"161":1,"162":1,"163":0,"164":2,"165":1,"166":1,"167":1,"168":0,"169":2,"170":1,"171":1,"172":1,"173":1,"174":0,"175":1,"176":1,"177":1,"178":0,"179":2,"180":1,"181":1,"182":1,"183":1,"184":1,"185":1,"186":0,"187":1,"188":1,"189":1,"190":1,"191":0,"192":2,"193":0,"194":0,"195":0,"196":0,"197":0,"198":0},"f":{"0":1,"1":0,"2":0,"3":1,"4":0,"5":0,"6":0,"7":0,"8":0,"9":0,"10":0,"11":0,"12":0,"13":0,"14":0,"15":0,"16":0,"17":0,"18":1,"19":0,"20":1,"21":1,"22":1,"23":1,"24":0,"25":0},"b":{"0":[0,1],"1":[0,0],"2":[0,0],"3":[0,0],"4":[0,0],"5":[0,0],"6":[0,0],"7":[1,0],"8":[1,1],"9":[0,0],"10":[0,0],"11":[0,0],"12":[0,0],"13":[0,0],"14":[0,0],"15":[0,0],"16":[0,0],"17":[0,0],"18":[0,0],"19":[0,0],"20":[1,0],"21":[0,0],"22":[0,0,0],"23":[0,1],"24":[0,1],"25":[0,0],"26":[0,0],"27":[0,0]},"_coverageSchema":"1a1c01bbd47fc00a2c39e90264f33305004495a9","hash":"5e0528702f43a0cde7d62f5653022343b810cafb"}
,"C:\\Users\\91961\\Desktop\\Group38_FDFED_PROJECT\\fedproject\\backend\\controllers\\shopcontroller.js": {"path":"C:\\Users\\91961\\Desktop\\Group38_FDFED_PROJECT\\fedproject\\backend\\controllers\\shopcontroller.js","statementMap":{"0":{"start":{"line":1,"column":13},"end":{"line":1,"column":38}},"1":{"start":{"line":2,"column":15},"end":{"line":2,"column":34}},"2":{"start":{"line":3,"column":16},"end":{"line":3,"column":44}},"3":{"start":{"line":4,"column":14},"end":{"line":4,"column":40}},"4":{"start":{"line":5,"column":13},"end":{"line":5,"column":38}},"5":{"start":{"line":6,"column":12},"end":{"line":6,"column":26}},"6":{"start":{"line":9,"column":28},"end":{"line":32,"column":1}},"7":{"start":{"line":10,"column":4},"end":{"line":31,"column":5}},"8":{"start":{"line":12,"column":23},"end":{"line":12,"column":42}},"9":{"start":{"line":13,"column":8},"end":{"line":15,"column":9}},"10":{"start":{"line":14,"column":12},"end":{"line":14,"column":52}},"11":{"start":{"line":18,"column":26},"end":{"line":25,"column":10}},"12":{"start":{"line":19,"column":12},"end":{"line":24,"column":15}},"13":{"start":{"line":20,"column":16},"end":{"line":22,"column":17}},"14":{"start":{"line":21,"column":20},"end":{"line":21,"column":39}},"15":{"start":{"line":23,"column":16},"end":{"line":23,"column":35}},"16":{"start":{"line":27,"column":8},"end":{"line":27,"column":49}},"17":{"start":{"line":29,"column":8},"end":{"line":29,"column":57}},"18":{"start":{"line":30,"column":8},"end":{"line":30,"column":21}},"19":{"start":{"line":34,"column":0},"end":{"line":66,"column":2}},"20":{"start":{"line":35,"column":36},"end":{"line":35,"column":44}},"21":{"start":{"line":37,"column":2},"end":{"line":65,"column":3}},"22":{"start":{"line":39,"column":4},"end":{"line":61,"column":5}},"23":{"start":{"line":40,"column":25},"end":{"line":40,"column":54}},"24":{"start":{"line":41,"column":4},"end":{"line":43,"column":5}},"25":{"start":{"line":42,"column":6},"end":{"line":42,"column":87}},"26":{"start":{"line":46,"column":27},"end":{"line":46,"column":58}},"27":{"start":{"line":49,"column":20},"end":{"line":53,"column":6}},"28":{"start":{"line":56,"column":4},"end":{"line":56,"column":25}},"29":{"start":{"line":58,"column":4},"end":{"line":58,"column":85}},"30":{"start":{"line":60,"column":8},"end":{"line":60,"column":66}},"31":{"start":{"line":63,"column":4},"end":{"line":63,"column":25}},"32":{"start":{"line":64,"column":4},"end":{"line":64,"column":79}},"33":{"start":{"line":67,"column":0},"end":{"line":98,"column":2}},"34":{"start":{"line":68,"column":32},"end":{"line":68,"column":40}},"35":{"start":{"line":70,"column":4},"end":{"line":72,"column":5}},"36":{"start":{"line":71,"column":8},"end":{"line":71,"column":80}},"37":{"start":{"line":74,"column":4},"end":{"line":97,"column":5}},"38":{"start":{"line":76,"column":21},"end":{"line":79,"column":10}},"39":{"start":{"line":80,"column":8},"end":{"line":82,"column":9}},"40":{"start":{"line":81,"column":12},"end":{"line":81,"column":72}},"41":{"start":{"line":85,"column":24},"end":{"line":85,"column":69}},"42":{"start":{"line":86,"column":8},"end":{"line":88,"column":9}},"43":{"start":{"line":87,"column":12},"end":{"line":87,"column":72}},"44":{"start":{"line":91,"column":8},"end":{"line":91,"column":32}},"45":{"start":{"line":92,"column":8},"end":{"line":92,"column":58}},"46":{"start":{"line":93,"column":8},"end":{"line":93,"column":58}},"47":{"start":{"line":95,"column":8},"end":{"line":95,"column":35}},"48":{"start":{"line":96,"column":8},"end":{"line":96,"column":54}},"49":{"start":{"line":101,"column":0},"end":{"line":133,"column":2}},"50":{"start":{"line":102,"column":4},"end":{"line":132,"column":5}},"51":{"start":{"line":103,"column":21},"end":{"line":103,"column":37}},"52":{"start":{"line":105,"column":8},"end":{"line":127,"column":9}},"53":{"start":{"line":106,"column":12},"end":{"line":124,"column":15}},"54":{"start":{"line":107,"column":16},"end":{"line":122,"column":17}},"55":{"start":{"line":108,"column":20},"end":{"line":118,"column":21}},"56":{"start":{"line":109,"column":43},"end":{"line":111,"column":64}},"57":{"start":{"line":113,"column":44},"end":{"line":113,"column":73}},"58":{"start":{"line":114,"column":41},"end":{"line":114,"column":80}},"59":{"start":{"line":115,"column":24},"end":{"line":115,"column":82}},"60":{"start":{"line":117,"column":24},"end":{"line":117,"column":44}},"61":{"start":{"line":120,"column":20},"end":{"line":120,"column":97}},"62":{"start":{"line":121,"column":20},"end":{"line":121,"column":40}},"63":{"start":{"line":123,"column":16},"end":{"line":123,"column":29}},"64":{"start":{"line":126,"column":12},"end":{"line":126,"column":68}},"65":{"start":{"line":129,"column":8},"end":{"line":129,"column":67}},"66":{"start":{"line":131,"column":8},"end":{"line":131,"column":64}},"67":{"start":{"line":139,"column":0},"end":{"line":161,"column":2}},"68":{"start":{"line":140,"column":4},"end":{"line":142,"column":5}},"69":{"start":{"line":141,"column":8},"end":{"line":141,"column":66}},"70":{"start":{"line":144,"column":19},"end":{"line":144,"column":39}},"71":{"start":{"line":145,"column":58},"end":{"line":145,"column":66}},"72":{"start":{"line":147,"column":4},"end":{"line":160,"column":5}},"73":{"start":{"line":148,"column":21},"end":{"line":148,"column":56}},"74":{"start":{"line":149,"column":28},"end":{"line":149,"column":119}},"75":{"start":{"line":151,"column":8},"end":{"line":153,"column":9}},"76":{"start":{"line":152,"column":12},"end":{"line":152,"column":67}},"77":{"start":{"line":155,"column":8},"end":{"line":155,"column":39}},"78":{"start":{"line":156,"column":8},"end":{"line":156,"column":74}},"79":{"start":{"line":158,"column":8},"end":{"line":158,"column":35}},"80":{"start":{"line":159,"column":8},"end":{"line":159,"column":54}},"81":{"start":{"line":164,"column":0},"end":{"line":250,"column":2}},"82":{"start":{"line":165,"column":131},"end":{"line":165,"column":139}},"83":{"start":{"line":166,"column":18},"end":{"line":166,"column":26}},"84":{"start":{"line":170,"column":4},"end":{"line":170,"column":26}},"85":{"start":{"line":171,"column":4},"end":{"line":171,"column":30}},"86":{"start":{"line":173,"column":4},"end":{"line":182,"column":5}},"87":{"start":{"line":175,"column":8},"end":{"line":179,"column":9}},"88":{"start":{"line":176,"column":12},"end":{"line":176,"column":58}},"89":{"start":{"line":178,"column":12},"end":{"line":178,"column":46}},"90":{"start":{"line":181,"column":8},"end":{"line":181,"column":74}},"91":{"start":{"line":185,"column":4},"end":{"line":187,"column":5}},"92":{"start":{"line":186,"column":8},"end":{"line":186,"column":72}},"93":{"start":{"line":189,"column":4},"end":{"line":249,"column":5}},"94":{"start":{"line":191,"column":23},"end":{"line":191,"column":43}},"95":{"start":{"line":192,"column":21},"end":{"line":192,"column":48}},"96":{"start":{"line":193,"column":20},"end":{"line":193,"column":59}},"97":{"start":{"line":195,"column":8},"end":{"line":197,"column":9}},"98":{"start":{"line":196,"column":12},"end":{"line":196,"column":67}},"99":{"start":{"line":199,"column":26},"end":{"line":218,"column":9}},"100":{"start":{"line":208,"column":62},"end":{"line":208,"column":77}},"101":{"start":{"line":221,"column":8},"end":{"line":221,"column":45}},"102":{"start":{"line":222,"column":8},"end":{"line":222,"column":26}},"103":{"start":{"line":223,"column":8},"end":{"line":242,"column":11}},"104":{"start":{"line":224,"column":12},"end":{"line":240,"column":13}},"105":{"start":{"line":226,"column":16},"end":{"line":236,"column":17}},"106":{"start":{"line":227,"column":39},"end":{"line":229,"column":64}},"107":{"start":{"line":231,"column":44},"end":{"line":231,"column":73}},"108":{"start":{"line":232,"column":41},"end":{"line":232,"column":80}},"109":{"start":{"line":233,"column":24},"end":{"line":233,"column":82}},"110":{"start":{"line":235,"column":20},"end":{"line":235,"column":40}},"111":{"start":{"line":238,"column":16},"end":{"line":238,"column":90}},"112":{"start":{"line":239,"column":16},"end":{"line":239,"column":36}},"113":{"start":{"line":241,"column":12},"end":{"line":241,"column":25}},"114":{"start":{"line":243,"column":8},"end":{"line":243,"column":32}},"115":{"start":{"line":245,"column":8},"end":{"line":245,"column":68}},"116":{"start":{"line":247,"column":8},"end":{"line":247,"column":53}},"117":{"start":{"line":248,"column":8},"end":{"line":248,"column":54}},"118":{"start":{"line":251,"column":0},"end":{"line":276,"column":4}},"119":{"start":{"line":252,"column":4},"end":{"line":275,"column":5}},"120":{"start":{"line":253,"column":29},"end":{"line":253,"column":37}},"121":{"start":{"line":256,"column":21},"end":{"line":256,"column":37}},"122":{"start":{"line":257,"column":17},"end":{"line":257,"column":44}},"123":{"start":{"line":258,"column":21},"end":{"line":258,"column":80}},"124":{"start":{"line":258,"column":52},"end":{"line":258,"column":79}},"125":{"start":{"line":260,"column":6},"end":{"line":271,"column":7}},"126":{"start":{"line":261,"column":8},"end":{"line":261,"column":45}},"127":{"start":{"line":262,"column":8},"end":{"line":262,"column":26}},"128":{"start":{"line":265,"column":8},"end":{"line":265,"column":32}},"129":{"start":{"line":268,"column":8},"end":{"line":268,"column":86}},"130":{"start":{"line":270,"column":8},"end":{"line":270,"column":69}},"131":{"start":{"line":273,"column":6},"end":{"line":273,"column":63}},"132":{"start":{"line":274,"column":6},"end":{"line":274,"column":72}},"133":{"start":{"line":279,"column":0},"end":{"line":327,"column":4}},"134":{"start":{"line":280,"column":4},"end":{"line":326,"column":5}},"135":{"start":{"line":281,"column":30},"end":{"line":283,"column":15}},"136":{"start":{"line":285,"column":24},"end":{"line":315,"column":15}},"137":{"start":{"line":287,"column":33},"end":{"line":287,"column":85}},"138":{"start":{"line":287,"column":72},"end":{"line":287,"column":84}},"139":{"start":{"line":288,"column":10},"end":{"line":313,"column":13}},"140":{"start":{"line":289,"column":30},"end":{"line":289,"column":32}},"141":{"start":{"line":290,"column":12},"end":{"line":297,"column":13}},"142":{"start":{"line":291,"column":14},"end":{"line":294,"column":15}},"143":{"start":{"line":292,"column":33},"end":{"line":292,"column":72}},"144":{"start":{"line":293,"column":16},"end":{"line":293,"column":95}},"145":{"start":{"line":296,"column":14},"end":{"line":296,"column":88}},"146":{"start":{"line":299,"column":12},"end":{"line":312,"column":14}},"147":{"start":{"line":316,"column":6},"end":{"line":316,"column":44}},"148":{"start":{"line":317,"column":6},"end":{"line":317,"column":29}},"149":{"start":{"line":318,"column":6},"end":{"line":320,"column":7}},"150":{"start":{"line":319,"column":8},"end":{"line":319,"column":77}},"151":{"start":{"line":322,"column":6},"end":{"line":322,"column":38}},"152":{"start":{"line":324,"column":6},"end":{"line":324,"column":53}},"153":{"start":{"line":325,"column":6},"end":{"line":325,"column":65}},"154":{"start":{"line":426,"column":0},"end":{"line":433,"column":1}},"155":{"start":{"line":427,"column":4},"end":{"line":432,"column":5}},"156":{"start":{"line":428,"column":23},"end":{"line":428,"column":58}},"157":{"start":{"line":429,"column":8},"end":{"line":429,"column":41}},"158":{"start":{"line":431,"column":8},"end":{"line":431,"column":18}},"159":{"start":{"line":436,"column":0},"end":{"line":484,"column":4}},"160":{"start":{"line":437,"column":4},"end":{"line":483,"column":5}},"161":{"start":{"line":438,"column":23},"end":{"line":438,"column":31}},"162":{"start":{"line":439,"column":23},"end":{"line":439,"column":60}},"163":{"start":{"line":440,"column":25},"end":{"line":440,"column":62}},"164":{"start":{"line":442,"column":19},"end":{"line":445,"column":8}},"165":{"start":{"line":447,"column":6},"end":{"line":449,"column":7}},"166":{"start":{"line":448,"column":8},"end":{"line":448,"column":68}},"167":{"start":{"line":451,"column":26},"end":{"line":451,"column":98}},"168":{"start":{"line":451,"column":66},"end":{"line":451,"column":97}},"169":{"start":{"line":452,"column":6},"end":{"line":454,"column":7}},"170":{"start":{"line":453,"column":8},"end":{"line":453,"column":83}},"171":{"start":{"line":456,"column":21},"end":{"line":456,"column":54}},"172":{"start":{"line":459,"column":6},"end":{"line":464,"column":7}},"173":{"start":{"line":460,"column":25},"end":{"line":460,"column":65}},"174":{"start":{"line":461,"column":8},"end":{"line":461,"column":85}},"175":{"start":{"line":463,"column":8},"end":{"line":463,"column":24}},"176":{"start":{"line":466,"column":22},"end":{"line":466,"column":34}},"177":{"start":{"line":468,"column":27},"end":{"line":468,"column":94}},"178":{"start":{"line":469,"column":30},"end":{"line":476,"column":11}},"179":{"start":{"line":470,"column":28},"end":{"line":470,"column":69}},"180":{"start":{"line":471,"column":26},"end":{"line":476,"column":9}},"181":{"start":{"line":478,"column":6},"end":{"line":478,"column":80}},"182":{"start":{"line":481,"column":6},"end":{"line":481,"column":52}},"183":{"start":{"line":482,"column":6},"end":{"line":482,"column":87}},"184":{"start":{"line":486,"column":0},"end":{"line":517,"column":2}},"185":{"start":{"line":487,"column":88},"end":{"line":487,"column":96}},"186":{"start":{"line":488,"column":4},"end":{"line":488,"column":66}},"187":{"start":{"line":490,"column":4},"end":{"line":492,"column":5}},"188":{"start":{"line":491,"column":8},"end":{"line":491,"column":77}},"189":{"start":{"line":495,"column":4},"end":{"line":516,"column":5}},"190":{"start":{"line":496,"column":19},"end":{"line":496,"column":35}},"191":{"start":{"line":497,"column":15},"end":{"line":497,"column":54}},"192":{"start":{"line":499,"column":23},"end":{"line":510,"column":6}},"193":{"start":{"line":512,"column":8},"end":{"line":512,"column":32}},"194":{"start":{"line":513,"column":8},"end":{"line":513,"column":92}},"195":{"start":{"line":515,"column":8},"end":{"line":515,"column":103}},"196":{"start":{"line":518,"column":0},"end":{"line":537,"column":2}},"197":{"start":{"line":519,"column":18},"end":{"line":519,"column":28}},"198":{"start":{"line":520,"column":25},"end":{"line":520,"column":89}},"199":{"start":{"line":521,"column":23},"end":{"line":521,"column":91}},"200":{"start":{"line":522,"column":4},"end":{"line":522,"column":23}},"201":{"start":{"line":524,"column":4},"end":{"line":536,"column":5}},"202":{"start":{"line":525,"column":25},"end":{"line":531,"column":27}},"203":{"start":{"line":533,"column":8},"end":{"line":533,"column":39}},"204":{"start":{"line":535,"column":8},"end":{"line":535,"column":76}},"205":{"start":{"line":538,"column":0},"end":{"line":577,"column":2}},"206":{"start":{"line":539,"column":4},"end":{"line":576,"column":5}},"207":{"start":{"line":541,"column":21},"end":{"line":541,"column":90}},"208":{"start":{"line":542,"column":25},"end":{"line":542,"column":80}},"209":{"start":{"line":544,"column":33},"end":{"line":544,"column":35}},"210":{"start":{"line":545,"column":27},"end":{"line":545,"column":28}},"211":{"start":{"line":547,"column":8},"end":{"line":563,"column":11}},"212":{"start":{"line":549,"column":31},"end":{"line":549,"column":49}},"213":{"start":{"line":550,"column":30},"end":{"line":550,"column":52}},"214":{"start":{"line":551,"column":12},"end":{"line":551,"column":38}},"215":{"start":{"line":554,"column":12},"end":{"line":562,"column":13}},"216":{"start":{"line":555,"column":16},"end":{"line":555,"column":68}},"217":{"start":{"line":558,"column":16},"end":{"line":561,"column":18}},"218":{"start":{"line":567,"column":31},"end":{"line":567,"column":62}},"219":{"start":{"line":569,"column":8},"end":{"line":572,"column":11}},"220":{"start":{"line":574,"column":8},"end":{"line":574,"column":61}},"221":{"start":{"line":575,"column":8},"end":{"line":575,"column":67}},"222":{"start":{"line":578,"column":0},"end":{"line":592,"column":1}},"223":{"start":{"line":579,"column":4},"end":{"line":591,"column":5}},"224":{"start":{"line":581,"column":8},"end":{"line":588,"column":11}},"225":{"start":{"line":582,"column":12},"end":{"line":585,"column":13}},"226":{"start":{"line":583,"column":16},"end":{"line":583,"column":65}},"227":{"start":{"line":584,"column":16},"end":{"line":584,"column":78}},"228":{"start":{"line":587,"column":12},"end":{"line":587,"column":80}},"229":{"start":{"line":590,"column":8},"end":{"line":590,"column":86}},"230":{"start":{"line":595,"column":0},"end":{"line":637,"column":2}},"231":{"start":{"line":596,"column":23},"end":{"line":596,"column":32}},"232":{"start":{"line":598,"column":4},"end":{"line":636,"column":5}},"233":{"start":{"line":599,"column":8},"end":{"line":601,"column":9}},"234":{"start":{"line":600,"column":12},"end":{"line":600,"column":80}},"235":{"start":{"line":604,"column":22},"end":{"line":604,"column":45}},"236":{"start":{"line":607,"column":22},"end":{"line":609,"column":10}},"237":{"start":{"line":612,"column":30},"end":{"line":616,"column":9}},"238":{"start":{"line":613,"column":12},"end":{"line":615,"column":49}},"239":{"start":{"line":614,"column":34},"end":{"line":614,"column":63}},"240":{"start":{"line":615,"column":31},"end":{"line":615,"column":48}},"241":{"start":{"line":618,"column":27},"end":{"line":626,"column":9}},"242":{"start":{"line":619,"column":12},"end":{"line":625,"column":19}},"243":{"start":{"line":620,"column":34},"end":{"line":620,"column":63}},"244":{"start":{"line":621,"column":32},"end":{"line":625,"column":17}},"245":{"start":{"line":628,"column":8},"end":{"line":632,"column":9}},"246":{"start":{"line":629,"column":12},"end":{"line":629,"column":71}},"247":{"start":{"line":631,"column":12},"end":{"line":631,"column":97}},"248":{"start":{"line":634,"column":8},"end":{"line":634,"column":27}},"249":{"start":{"line":635,"column":8},"end":{"line":635,"column":74}},"250":{"start":{"line":638,"column":0},"end":{"line":663,"column":4}},"251":{"start":{"line":639,"column":4},"end":{"line":662,"column":5}},"252":{"start":{"line":641,"column":21},"end":{"line":641,"column":46}},"253":{"start":{"line":645,"column":6},"end":{"line":647,"column":7}},"254":{"start":{"line":646,"column":8},"end":{"line":646,"column":68}},"255":{"start":{"line":650,"column":24},"end":{"line":655,"column":9}},"256":{"start":{"line":650,"column":45},"end":{"line":655,"column":7}},"257":{"start":{"line":658,"column":6},"end":{"line":658,"column":38}},"258":{"start":{"line":660,"column":6},"end":{"line":660,"column":53}},"259":{"start":{"line":661,"column":6},"end":{"line":661,"column":65}}},"fnMap":{"0":{"name":"(anonymous_0)","decl":{"start":{"line":9,"column":28},"end":{"line":9,"column":29}},"loc":{"start":{"line":9,"column":45},"end":{"line":32,"column":1}},"line":9},"1":{"name":"(anonymous_1)","decl":{"start":{"line":18,"column":44},"end":{"line":18,"column":45}},"loc":{"start":{"line":18,"column":65},"end":{"line":25,"column":9}},"line":18},"2":{"name":"(anonymous_2)","decl":{"start":{"line":19,"column":34},"end":{"line":19,"column":35}},"loc":{"start":{"line":19,"column":54},"end":{"line":24,"column":13}},"line":19},"3":{"name":"(anonymous_3)","decl":{"start":{"line":34,"column":23},"end":{"line":34,"column":24}},"loc":{"start":{"line":34,"column":43},"end":{"line":66,"column":1}},"line":34},"4":{"name":"(anonymous_4)","decl":{"start":{"line":67,"column":20},"end":{"line":67,"column":21}},"loc":{"start":{"line":67,"column":40},"end":{"line":98,"column":1}},"line":67},"5":{"name":"(anonymous_5)","decl":{"start":{"line":101,"column":27},"end":{"line":101,"column":28}},"loc":{"start":{"line":101,"column":41},"end":{"line":133,"column":1}},"line":101},"6":{"name":"(anonymous_6)","decl":{"start":{"line":106,"column":60},"end":{"line":106,"column":61}},"loc":{"start":{"line":106,"column":71},"end":{"line":124,"column":13}},"line":106},"7":{"name":"(anonymous_7)","decl":{"start":{"line":139,"column":21},"end":{"line":139,"column":22}},"loc":{"start":{"line":139,"column":41},"end":{"line":161,"column":1}},"line":139},"8":{"name":"(anonymous_8)","decl":{"start":{"line":164,"column":20},"end":{"line":164,"column":21}},"loc":{"start":{"line":164,"column":40},"end":{"line":250,"column":1}},"line":164},"9":{"name":"(anonymous_9)","decl":{"start":{"line":208,"column":50},"end":{"line":208,"column":51}},"loc":{"start":{"line":208,"column":62},"end":{"line":208,"column":77}},"line":208},"10":{"name":"(anonymous_10)","decl":{"start":{"line":223,"column":56},"end":{"line":223,"column":57}},"loc":{"start":{"line":223,"column":67},"end":{"line":242,"column":9}},"line":223},"11":{"name":"(anonymous_11)","decl":{"start":{"line":251,"column":31},"end":{"line":251,"column":32}},"loc":{"start":{"line":251,"column":51},"end":{"line":276,"column":3}},"line":251},"12":{"name":"(anonymous_12)","decl":{"start":{"line":258,"column":47},"end":{"line":258,"column":48}},"loc":{"start":{"line":258,"column":52},"end":{"line":258,"column":79}},"line":258},"13":{"name":"(anonymous_13)","decl":{"start":{"line":279,"column":21},"end":{"line":279,"column":22}},"loc":{"start":{"line":279,"column":41},"end":{"line":327,"column":3}},"line":279},"14":{"name":"(anonymous_14)","decl":{"start":{"line":286,"column":13},"end":{"line":286,"column":14}},"loc":{"start":{"line":286,"column":23},"end":{"line":314,"column":9}},"line":286},"15":{"name":"(anonymous_15)","decl":{"start":{"line":287,"column":61},"end":{"line":287,"column":62}},"loc":{"start":{"line":287,"column":72},"end":{"line":287,"column":84}},"line":287},"16":{"name":"(anonymous_16)","decl":{"start":{"line":288,"column":36},"end":{"line":288,"column":37}},"loc":{"start":{"line":288,"column":47},"end":{"line":313,"column":11}},"line":288},"17":{"name":"(anonymous_17)","decl":{"start":{"line":426,"column":22},"end":{"line":426,"column":23}},"loc":{"start":{"line":426,"column":38},"end":{"line":433,"column":1}},"line":426},"18":{"name":"(anonymous_18)","decl":{"start":{"line":436,"column":21},"end":{"line":436,"column":22}},"loc":{"start":{"line":436,"column":41},"end":{"line":484,"column":3}},"line":436},"19":{"name":"(anonymous_19)","decl":{"start":{"line":451,"column":57},"end":{"line":451,"column":58}},"loc":{"start":{"line":451,"column":66},"end":{"line":451,"column":97}},"line":451},"20":{"name":"(anonymous_20)","decl":{"start":{"line":470,"column":16},"end":{"line":470,"column":17}},"loc":{"start":{"line":470,"column":28},"end":{"line":470,"column":69}},"line":470},"21":{"name":"(anonymous_21)","decl":{"start":{"line":471,"column":13},"end":{"line":471,"column":14}},"loc":{"start":{"line":471,"column":26},"end":{"line":476,"column":9}},"line":471},"22":{"name":"(anonymous_22)","decl":{"start":{"line":486,"column":21},"end":{"line":486,"column":22}},"loc":{"start":{"line":486,"column":41},"end":{"line":517,"column":1}},"line":486},"23":{"name":"(anonymous_23)","decl":{"start":{"line":518,"column":24},"end":{"line":518,"column":25}},"loc":{"start":{"line":518,"column":44},"end":{"line":537,"column":1}},"line":518},"24":{"name":"(anonymous_24)","decl":{"start":{"line":538,"column":23},"end":{"line":538,"column":24}},"loc":{"start":{"line":538,"column":43},"end":{"line":577,"column":1}},"line":538},"25":{"name":"(anonymous_25)","decl":{"start":{"line":547,"column":25},"end":{"line":547,"column":26}},"loc":{"start":{"line":547,"column":38},"end":{"line":563,"column":9}},"line":547},"26":{"name":"(anonymous_26)","decl":{"start":{"line":578,"column":15},"end":{"line":578,"column":16}},"loc":{"start":{"line":578,"column":32},"end":{"line":592,"column":1}},"line":578},"27":{"name":"(anonymous_27)","decl":{"start":{"line":581,"column":28},"end":{"line":581,"column":29}},"loc":{"start":{"line":581,"column":35},"end":{"line":588,"column":9}},"line":581},"28":{"name":"(anonymous_28)","decl":{"start":{"line":595,"column":22},"end":{"line":595,"column":23}},"loc":{"start":{"line":595,"column":42},"end":{"line":637,"column":1}},"line":595},"29":{"name":"(anonymous_29)","decl":{"start":{"line":612,"column":44},"end":{"line":612,"column":45}},"loc":{"start":{"line":613,"column":12},"end":{"line":615,"column":49}},"line":613},"30":{"name":"(anonymous_30)","decl":{"start":{"line":614,"column":24},"end":{"line":614,"column":25}},"loc":{"start":{"line":614,"column":34},"end":{"line":614,"column":63}},"line":614},"31":{"name":"(anonymous_31)","decl":{"start":{"line":615,"column":21},"end":{"line":615,"column":22}},"loc":{"start":{"line":615,"column":31},"end":{"line":615,"column":48}},"line":615},"32":{"name":"(anonymous_32)","decl":{"start":{"line":618,"column":41},"end":{"line":618,"column":42}},"loc":{"start":{"line":619,"column":12},"end":{"line":625,"column":19}},"line":619},"33":{"name":"(anonymous_33)","decl":{"start":{"line":620,"column":24},"end":{"line":620,"column":25}},"loc":{"start":{"line":620,"column":34},"end":{"line":620,"column":63}},"line":620},"34":{"name":"(anonymous_34)","decl":{"start":{"line":621,"column":21},"end":{"line":621,"column":22}},"loc":{"start":{"line":621,"column":32},"end":{"line":625,"column":17}},"line":621},"35":{"name":"(anonymous_35)","decl":{"start":{"line":638,"column":24},"end":{"line":638,"column":25}},"loc":{"start":{"line":638,"column":44},"end":{"line":663,"column":3}},"line":638},"36":{"name":"(anonymous_36)","decl":{"start":{"line":650,"column":35},"end":{"line":650,"column":36}},"loc":{"start":{"line":650,"column":45},"end":{"line":655,"column":7}},"line":650}},"branchMap":{"0":{"loc":{"start":{"line":13,"column":8},"end":{"line":15,"column":9}},"type":"if","locations":[{"start":{"line":13,"column":8},"end":{"line":15,"column":9}},{"start":{},"end":{}}],"line":13},"1":{"loc":{"start":{"line":20,"column":16},"end":{"line":22,"column":17}},"type":"if","locations":[{"start":{"line":20,"column":16},"end":{"line":22,"column":17}},{"start":{},"end":{}}],"line":20},"2":{"loc":{"start":{"line":27,"column":15},"end":{"line":27,"column":48}},"type":"binary-expr","locations":[{"start":{"line":27,"column":15},"end":{"line":27,"column":24}},{"start":{"line":27,"column":28},"end":{"line":27,"column":48}}],"line":27},"3":{"loc":{"start":{"line":39,"column":4},"end":{"line":61,"column":5}},"type":"if","locations":[{"start":{"line":39,"column":4},"end":{"line":61,"column":5}},{"start":{"line":59,"column":8},"end":{"line":61,"column":5}}],"line":39},"4":{"loc":{"start":{"line":41,"column":4},"end":{"line":43,"column":5}},"type":"if","locations":[{"start":{"line":41,"column":4},"end":{"line":43,"column":5}},{"start":{},"end":{}}],"line":41},"5":{"loc":{"start":{"line":70,"column":4},"end":{"line":72,"column":5}},"type":"if","locations":[{"start":{"line":70,"column":4},"end":{"line":72,"column":5}},{"start":{},"end":{}}],"line":70},"6":{"loc":{"start":{"line":70,"column":8},"end":{"line":70,"column":27}},"type":"binary-expr","locations":[{"start":{"line":70,"column":8},"end":{"line":70,"column":14}},{"start":{"line":70,"column":18},"end":{"line":70,"column":27}}],"line":70},"7":{"loc":{"start":{"line":80,"column":8},"end":{"line":82,"column":9}},"type":"if","locations":[{"start":{"line":80,"column":8},"end":{"line":82,"column":9}},{"start":{},"end":{}}],"line":80},"8":{"loc":{"start":{"line":86,"column":8},"end":{"line":88,"column":9}},"type":"if","locations":[{"start":{"line":86,"column":8},"end":{"line":88,"column":9}},{"start":{},"end":{}}],"line":86},"9":{"loc":{"start":{"line":102,"column":4},"end":{"line":132,"column":5}},"type":"if","locations":[{"start":{"line":102,"column":4},"end":{"line":132,"column":5}},{"start":{"line":130,"column":11},"end":{"line":132,"column":5}}],"line":102},"10":{"loc":{"start":{"line":105,"column":8},"end":{"line":127,"column":9}},"type":"if","locations":[{"start":{"line":105,"column":8},"end":{"line":127,"column":9}},{"start":{"line":125,"column":15},"end":{"line":127,"column":9}}],"line":105},"11":{"loc":{"start":{"line":105,"column":12},"end":{"line":105,"column":67}},"type":"binary-expr","locations":[{"start":{"line":105,"column":12},"end":{"line":105,"column":32}},{"start":{"line":105,"column":36},"end":{"line":105,"column":67}}],"line":105},"12":{"loc":{"start":{"line":108,"column":20},"end":{"line":118,"column":21}},"type":"if","locations":[{"start":{"line":108,"column":20},"end":{"line":118,"column":21}},{"start":{"line":116,"column":27},"end":{"line":118,"column":21}}],"line":108},"13":{"loc":{"start":{"line":108,"column":24},"end":{"line":108,"column":55}},"type":"binary-expr","locations":[{"start":{"line":108,"column":24},"end":{"line":108,"column":35}},{"start":{"line":108,"column":39},"end":{"line":108,"column":55}}],"line":108},"14":{"loc":{"start":{"line":109,"column":43},"end":{"line":111,"column":64}},"type":"cond-expr","locations":[{"start":{"line":110,"column":30},"end":{"line":110,"column":46}},{"start":{"line":111,"column":30},"end":{"line":111,"column":64}}],"line":109},"15":{"loc":{"start":{"line":114,"column":41},"end":{"line":114,"column":80}},"type":"binary-expr","locations":[{"start":{"line":114,"column":41},"end":{"line":114,"column":64}},{"start":{"line":114,"column":68},"end":{"line":114,"column":80}}],"line":114},"16":{"loc":{"start":{"line":140,"column":4},"end":{"line":142,"column":5}},"type":"if","locations":[{"start":{"line":140,"column":4},"end":{"line":142,"column":5}},{"start":{},"end":{}}],"line":140},"17":{"loc":{"start":{"line":151,"column":8},"end":{"line":153,"column":9}},"type":"if","locations":[{"start":{"line":151,"column":8},"end":{"line":153,"column":9}},{"start":{},"end":{}}],"line":151},"18":{"loc":{"start":{"line":175,"column":8},"end":{"line":179,"column":9}},"type":"if","locations":[{"start":{"line":175,"column":8},"end":{"line":179,"column":9}},{"start":{"line":177,"column":15},"end":{"line":179,"column":9}}],"line":175},"19":{"loc":{"start":{"line":185,"column":4},"end":{"line":187,"column":5}},"type":"if","locations":[{"start":{"line":185,"column":4},"end":{"line":187,"column":5}},{"start":{},"end":{}}],"line":185},"20":{"loc":{"start":{"line":185,"column":8},"end":{"line":185,"column":115}},"type":"binary-expr","locations":[{"start":{"line":185,"column":8},"end":{"line":185,"column":19}},{"start":{"line":185,"column":23},"end":{"line":185,"column":36}},{"start":{"line":185,"column":40},"end":{"line":185,"column":51}},{"start":{"line":185,"column":55},"end":{"line":185,"column":68}},{"start":{"line":185,"column":72},"end":{"line":185,"column":84}},{"start":{"line":185,"column":88},"end":{"line":185,"column":99}},{"start":{"line":185,"column":103},"end":{"line":185,"column":115}}],"line":185},"21":{"loc":{"start":{"line":195,"column":8},"end":{"line":197,"column":9}},"type":"if","locations":[{"start":{"line":195,"column":8},"end":{"line":197,"column":9}},{"start":{},"end":{}}],"line":195},"22":{"loc":{"start":{"line":226,"column":16},"end":{"line":236,"column":17}},"type":"if","locations":[{"start":{"line":226,"column":16},"end":{"line":236,"column":17}},{"start":{"line":234,"column":23},"end":{"line":236,"column":17}}],"line":226},"23":{"loc":{"start":{"line":226,"column":20},"end":{"line":226,"column":51}},"type":"binary-expr","locations":[{"start":{"line":226,"column":20},"end":{"line":226,"column":31}},{"start":{"line":226,"column":35},"end":{"line":226,"column":51}}],"line":226},"24":{"loc":{"start":{"line":227,"column":39},"end":{"line":229,"column":64}},"type":"cond-expr","locations":[{"start":{"line":228,"column":30},"end":{"line":228,"column":46}},{"start":{"line":229,"column":30},"end":{"line":229,"column":64}}],"line":227},"25":{"loc":{"start":{"line":232,"column":41},"end":{"line":232,"column":80}},"type":"binary-expr","locations":[{"start":{"line":232,"column":41},"end":{"line":232,"column":64}},{"start":{"line":232,"column":68},"end":{"line":232,"column":80}}],"line":232},"26":{"loc":{"start":{"line":260,"column":6},"end":{"line":271,"column":7}},"type":"if","locations":[{"start":{"line":260,"column":6},"end":{"line":271,"column":7}},{"start":{"line":269,"column":13},"end":{"line":271,"column":7}}],"line":260},"27":{"loc":{"start":{"line":291,"column":14},"end":{"line":294,"column":15}},"type":"if","locations":[{"start":{"line":291,"column":14},"end":{"line":294,"column":15}},{"start":{},"end":{}}],"line":291},"28":{"loc":{"start":{"line":291,"column":18},"end":{"line":291,"column":49}},"type":"binary-expr","locations":[{"start":{"line":291,"column":18},"end":{"line":291,"column":29}},{"start":{"line":291,"column":33},"end":{"line":291,"column":49}}],"line":291},"29":{"loc":{"start":{"line":292,"column":33},"end":{"line":292,"column":72}},"type":"binary-expr","locations":[{"start":{"line":292,"column":33},"end":{"line":292,"column":56}},{"start":{"line":292,"column":60},"end":{"line":292,"column":72}}],"line":292},"30":{"loc":{"start":{"line":318,"column":6},"end":{"line":320,"column":7}},"type":"if","locations":[{"start":{"line":318,"column":6},"end":{"line":320,"column":7}},{"start":{},"end":{}}],"line":318},"31":{"loc":{"start":{"line":447,"column":6},"end":{"line":449,"column":7}},"type":"if","locations":[{"start":{"line":447,"column":6},"end":{"line":449,"column":7}},{"start":{},"end":{}}],"line":447},"32":{"loc":{"start":{"line":452,"column":6},"end":{"line":454,"column":7}},"type":"if","locations":[{"start":{"line":452,"column":6},"end":{"line":454,"column":7}},{"start":{},"end":{}}],"line":452},"33":{"loc":{"start":{"line":459,"column":6},"end":{"line":464,"column":7}},"type":"if","locations":[{"start":{"line":459,"column":6},"end":{"line":464,"column":7}},{"start":{"line":462,"column":13},"end":{"line":464,"column":7}}],"line":459},"34":{"loc":{"start":{"line":459,"column":10},"end":{"line":459,"column":43}},"type":"binary-expr","locations":[{"start":{"line":459,"column":10},"end":{"line":459,"column":22}},{"start":{"line":459,"column":26},"end":{"line":459,"column":43}}],"line":459},"35":{"loc":{"start":{"line":460,"column":25},"end":{"line":460,"column":65}},"type":"binary-expr","locations":[{"start":{"line":460,"column":25},"end":{"line":460,"column":49}},{"start":{"line":460,"column":53},"end":{"line":460,"column":65}}],"line":460},"36":{"loc":{"start":{"line":472,"column":20},"end":{"line":472,"column":51}},"type":"binary-expr","locations":[{"start":{"line":472,"column":20},"end":{"line":472,"column":43}},{"start":{"line":472,"column":47},"end":{"line":472,"column":51}}],"line":472},"37":{"loc":{"start":{"line":473,"column":18},"end":{"line":473,"column":51}},"type":"binary-expr","locations":[{"start":{"line":473,"column":18},"end":{"line":473,"column":43}},{"start":{"line":473,"column":47},"end":{"line":473,"column":51}}],"line":473},"38":{"loc":{"start":{"line":474,"column":18},"end":{"line":474,"column":51}},"type":"binary-expr","locations":[{"start":{"line":474,"column":18},"end":{"line":474,"column":43}},{"start":{"line":474,"column":47},"end":{"line":474,"column":51}}],"line":474},"39":{"loc":{"start":{"line":475,"column":24},"end":{"line":475,"column":63}},"type":"binary-expr","locations":[{"start":{"line":475,"column":24},"end":{"line":475,"column":55}},{"start":{"line":475,"column":59},"end":{"line":475,"column":63}}],"line":475},"40":{"loc":{"start":{"line":490,"column":4},"end":{"line":492,"column":5}},"type":"if","locations":[{"start":{"line":490,"column":4},"end":{"line":492,"column":5}},{"start":{},"end":{}}],"line":490},"41":{"loc":{"start":{"line":490,"column":9},"end":{"line":490,"column":70}},"type":"binary-expr","locations":[{"start":{"line":490,"column":9},"end":{"line":490,"column":18}},{"start":{"line":490,"column":22},"end":{"line":490,"column":33}},{"start":{"line":490,"column":37},"end":{"line":490,"column":42}},{"start":{"line":490,"column":46},"end":{"line":490,"column":55}},{"start":{"line":490,"column":59},"end":{"line":490,"column":70}}],"line":490},"42":{"loc":{"start":{"line":550,"column":30},"end":{"line":550,"column":52}},"type":"binary-expr","locations":[{"start":{"line":550,"column":30},"end":{"line":550,"column":47}},{"start":{"line":550,"column":51},"end":{"line":550,"column":52}}],"line":550},"43":{"loc":{"start":{"line":554,"column":12},"end":{"line":562,"column":13}},"type":"if","locations":[{"start":{"line":554,"column":12},"end":{"line":562,"column":13}},{"start":{"line":556,"column":19},"end":{"line":562,"column":13}}],"line":554},"44":{"loc":{"start":{"line":579,"column":4},"end":{"line":591,"column":5}},"type":"if","locations":[{"start":{"line":579,"column":4},"end":{"line":591,"column":5}},{"start":{"line":589,"column":11},"end":{"line":591,"column":5}}],"line":579},"45":{"loc":{"start":{"line":579,"column":8},"end":{"line":579,"column":39}},"type":"binary-expr","locations":[{"start":{"line":579,"column":8},"end":{"line":579,"column":19}},{"start":{"line":579,"column":23},"end":{"line":579,"column":39}}],"line":579},"46":{"loc":{"start":{"line":582,"column":12},"end":{"line":585,"column":13}},"type":"if","locations":[{"start":{"line":582,"column":12},"end":{"line":585,"column":13}},{"start":{},"end":{}}],"line":582},"47":{"loc":{"start":{"line":599,"column":8},"end":{"line":601,"column":9}},"type":"if","locations":[{"start":{"line":599,"column":8},"end":{"line":601,"column":9}},{"start":{},"end":{}}],"line":599},"48":{"loc":{"start":{"line":628,"column":8},"end":{"line":632,"column":9}},"type":"if","locations":[{"start":{"line":628,"column":8},"end":{"line":632,"column":9}},{"start":{"line":630,"column":15},"end":{"line":632,"column":9}}],"line":628},"49":{"loc":{"start":{"line":645,"column":6},"end":{"line":647,"column":7}},"type":"if","locations":[{"start":{"line":645,"column":6},"end":{"line":647,"column":7}},{"start":{},"end":{}}],"line":645},"50":{"loc":{"start":{"line":645,"column":10},"end":{"line":645,"column":40}},"type":"binary-expr","locations":[{"start":{"line":645,"column":10},"end":{"line":645,"column":17}},{"start":{"line":645,"column":21},"end":{"line":645,"column":40}}],"line":645}},"s":{"0":2,"1":2,"2":2,"3":2,"4":2,"5":2,"6":2,"7":1,"8":1,"9":1,"10":0,"11":1,"12":1,"13":1,"14":0,"15":1,"16":1,"17":0,"18":0,"19":2,"20":1,"21":1,"22":1,"23":1,"24":1,"25":0,"26":1,"27":1,"28":1,"29":1,"30":0,"31":0,"32":0,"33":2,"34":2,"35":2,"36":0,"37":2,"38":2,"39":2,"40":0,"41":2,"42":2,"43":0,"44":2,"45":2,"46":2,"47":0,"48":0,"49":2,"50":1,"51":1,"52":1,"53":0,"54":0,"55":0,"56":0,"57":0,"58":0,"59":0,"60":0,"61":0,"62":0,"63":0,"64":1,"65":1,"66":0,"67":2,"68":0,"69":0,"70":0,"71":0,"72":0,"73":0,"74":0,"75":0,"76":0,"77":0,"78":0,"79":0,"80":0,"81":2,"82":0,"83":0,"84":0,"85":0,"86":0,"87":0,"88":0,"89":0,"90":0,"91":0,"92":0,"93":0,"94":0,"95":0,"96":0,"97":0,"98":0,"99":0,"100":0,"101":0,"102":0,"103":0,"104":0,"105":0,"106":0,"107":0,"108":0,"109":0,"110":0,"111":0,"112":0,"113":0,"114":0,"115":0,"116":0,"117":0,"118":2,"119":0,"120":0,"121":0,"122":0,"123":0,"124":0,"125":0,"126":0,"127":0,"128":0,"129":0,"130":0,"131":0,"132":0,"133":2,"134":3,"135":3,"136":1,"137":1,"138":1,"139":1,"140":1,"141":1,"142":1,"143":0,"144":0,"145":0,"146":1,"147":1,"148":1,"149":1,"150":0,"151":1,"152":2,"153":2,"154":2,"155":0,"156":0,"157":0,"158":0,"159":2,"160":0,"161":0,"162":0,"163":0,"164":0,"165":0,"166":0,"167":0,"168":0,"169":0,"170":0,"171":0,"172":0,"173":0,"174":0,"175":0,"176":0,"177":0,"178":0,"179":0,"180":0,"181":0,"182":0,"183":0,"184":2,"185":0,"186":0,"187":0,"188":0,"189":0,"190":0,"191":0,"192":0,"193":0,"194":0,"195":0,"196":2,"197":0,"198":0,"199":0,"200":0,"201":0,"202":0,"203":0,"204":0,"205":2,"206":0,"207":0,"208":0,"209":0,"210":0,"211":0,"212":0,"213":0,"214":0,"215":0,"216":0,"217":0,"218":0,"219":0,"220":0,"221":0,"222":2,"223":0,"224":0,"225":0,"226":0,"227":0,"228":0,"229":0,"230":2,"231":0,"232":0,"233":0,"234":0,"235":0,"236":0,"237":0,"238":0,"239":0,"240":0,"241":0,"242":0,"243":0,"244":0,"245":0,"246":0,"247":0,"248":0,"249":0,"250":2,"251":0,"252":0,"253":0,"254":0,"255":0,"256":0,"257":0,"258":0,"259":0},"f":{"0":1,"1":1,"2":1,"3":1,"4":2,"5":1,"6":0,"7":0,"8":0,"9":0,"10":0,"11":0,"12":0,"13":3,"14":1,"15":1,"16":1,"17":0,"18":0,"19":0,"20":0,"21":0,"22":0,"23":0,"24":0,"25":0,"26":0,"27":0,"28":0,"29":0,"30":0,"31":0,"32":0,"33":0,"34":0,"35":0,"36":0},"b":{"0":[0,1],"1":[0,1],"2":[1,1],"3":[1,0],"4":[0,1],"5":[0,2],"6":[2,2],"7":[0,2],"8":[0,2],"9":[1,0],"10":[0,1],"11":[1,1],"12":[0,0],"13":[0,0],"14":[0,0],"15":[0,0],"16":[0,0],"17":[0,0],"18":[0,0],"19":[0,0],"20":[0,0,0,0,0,0,0],"21":[0,0],"22":[0,0],"23":[0,0],"24":[0,0],"25":[0,0],"26":[0,0],"27":[0,1],"28":[1,0],"29":[0,0],"30":[0,1],"31":[0,0],"32":[0,0],"33":[0,0],"34":[0,0],"35":[0,0],"36":[0,0],"37":[0,0],"38":[0,0],"39":[0,0],"40":[0,0],"41":[0,0,0,0,0],"42":[0,0],"43":[0,0],"44":[0,0],"45":[0,0],"46":[0,0],"47":[0,0],"48":[0,0],"49":[0,0],"50":[0,0]},"_coverageSchema":"1a1c01bbd47fc00a2c39e90264f33305004495a9","hash":"8ddbfde47ac09c57b5d7cc2dbf77bfa422013e15"}
,"C:\\Users\\91961\\Desktop\\Group38_FDFED_PROJECT\\fedproject\\backend\\controllers\\usercontroller.js": {"path":"C:\\Users\\91961\\Desktop\\Group38_FDFED_PROJECT\\fedproject\\backend\\controllers\\usercontroller.js","statementMap":{"0":{"start":{"line":1,"column":13},"end":{"line":1,"column":38}},"1":{"start":{"line":2,"column":15},"end":{"line":2,"column":34}},"2":{"start":{"line":3,"column":19},"end":{"line":3,"column":40}},"3":{"start":{"line":4,"column":14},"end":{"line":4,"column":42}},"4":{"start":{"line":5,"column":12},"end":{"line":5,"column":38}},"5":{"start":{"line":6,"column":12},"end":{"line":6,"column":26}},"6":{"start":{"line":8,"column":28},"end":{"line":35,"column":1}},"7":{"start":{"line":9,"column":4},"end":{"line":34,"column":5}},"8":{"start":{"line":11,"column":8},"end":{"line":13,"column":9}},"9":{"start":{"line":12,"column":12},"end":{"line":12,"column":52}},"10":{"start":{"line":15,"column":23},"end":{"line":15,"column":42}},"11":{"start":{"line":16,"column":8},"end":{"line":18,"column":9}},"12":{"start":{"line":17,"column":12},"end":{"line":17,"column":52}},"13":{"start":{"line":21,"column":26},"end":{"line":28,"column":10}},"14":{"start":{"line":22,"column":12},"end":{"line":27,"column":15}},"15":{"start":{"line":23,"column":16},"end":{"line":25,"column":17}},"16":{"start":{"line":24,"column":20},"end":{"line":24,"column":39}},"17":{"start":{"line":26,"column":16},"end":{"line":26,"column":35}},"18":{"start":{"line":30,"column":8},"end":{"line":30,"column":49}},"19":{"start":{"line":32,"column":8},"end":{"line":32,"column":57}},"20":{"start":{"line":33,"column":8},"end":{"line":33,"column":21}},"21":{"start":{"line":38,"column":20},"end":{"line":46,"column":2}},"22":{"start":{"line":49,"column":0},"end":{"line":94,"column":2}},"23":{"start":{"line":50,"column":22},"end":{"line":50,"column":30}},"24":{"start":{"line":51,"column":16},"end":{"line":51,"column":55}},"25":{"start":{"line":52,"column":26},"end":{"line":52,"column":36}},"26":{"start":{"line":53,"column":4},"end":{"line":53,"column":61}},"27":{"start":{"line":55,"column":4},"end":{"line":93,"column":5}},"28":{"start":{"line":56,"column":19},"end":{"line":56,"column":48}},"29":{"start":{"line":57,"column":8},"end":{"line":59,"column":9}},"30":{"start":{"line":58,"column":12},"end":{"line":58,"column":71}},"31":{"start":{"line":61,"column":8},"end":{"line":61,"column":23}},"32":{"start":{"line":62,"column":8},"end":{"line":62,"column":43}},"33":{"start":{"line":63,"column":8},"end":{"line":63,"column":26}},"34":{"start":{"line":65,"column":28},"end":{"line":79,"column":9}},"35":{"start":{"line":81,"column":8},"end":{"line":89,"column":11}},"36":{"start":{"line":82,"column":12},"end":{"line":88,"column":13}},"37":{"start":{"line":83,"column":16},"end":{"line":83,"column":35}},"38":{"start":{"line":84,"column":16},"end":{"line":84,"column":78}},"39":{"start":{"line":86,"column":16},"end":{"line":86,"column":60}},"40":{"start":{"line":87,"column":16},"end":{"line":87,"column":82}},"41":{"start":{"line":91,"column":8},"end":{"line":91,"column":29}},"42":{"start":{"line":92,"column":8},"end":{"line":92,"column":67}},"43":{"start":{"line":97,"column":0},"end":{"line":130,"column":2}},"44":{"start":{"line":98,"column":27},"end":{"line":98,"column":35}},"45":{"start":{"line":100,"column":4},"end":{"line":129,"column":5}},"46":{"start":{"line":101,"column":21},"end":{"line":101,"column":50}},"47":{"start":{"line":102,"column":8},"end":{"line":104,"column":9}},"48":{"start":{"line":103,"column":12},"end":{"line":103,"column":71}},"49":{"start":{"line":106,"column":8},"end":{"line":108,"column":9}},"50":{"start":{"line":107,"column":12},"end":{"line":107,"column":84}},"51":{"start":{"line":110,"column":8},"end":{"line":112,"column":9}},"52":{"start":{"line":111,"column":12},"end":{"line":111,"column":68}},"53":{"start":{"line":114,"column":28},"end":{"line":114,"column":38}},"54":{"start":{"line":115,"column":8},"end":{"line":119,"column":9}},"55":{"start":{"line":116,"column":12},"end":{"line":116,"column":26}},"56":{"start":{"line":117,"column":12},"end":{"line":117,"column":30}},"57":{"start":{"line":118,"column":12},"end":{"line":118,"column":68}},"58":{"start":{"line":121,"column":8},"end":{"line":121,"column":22}},"59":{"start":{"line":122,"column":8},"end":{"line":122,"column":26}},"60":{"start":{"line":125,"column":8},"end":{"line":125,"column":130}},"61":{"start":{"line":127,"column":8},"end":{"line":127,"column":38}},"62":{"start":{"line":128,"column":8},"end":{"line":128,"column":74}},"63":{"start":{"line":133,"column":0},"end":{"line":167,"column":2}},"64":{"start":{"line":134,"column":40},"end":{"line":134,"column":48}},"65":{"start":{"line":136,"column":4},"end":{"line":166,"column":5}},"66":{"start":{"line":137,"column":21},"end":{"line":137,"column":50}},"67":{"start":{"line":138,"column":8},"end":{"line":140,"column":9}},"68":{"start":{"line":139,"column":12},"end":{"line":139,"column":71}},"69":{"start":{"line":142,"column":8},"end":{"line":144,"column":9}},"70":{"start":{"line":143,"column":12},"end":{"line":143,"column":84}},"71":{"start":{"line":146,"column":8},"end":{"line":148,"column":9}},"72":{"start":{"line":147,"column":12},"end":{"line":147,"column":68}},"73":{"start":{"line":150,"column":28},"end":{"line":150,"column":38}},"74":{"start":{"line":151,"column":8},"end":{"line":155,"column":9}},"75":{"start":{"line":152,"column":12},"en
[...]
"line":11,"column":12},"end":{"line":11,"column":18}},{"start":{"line":11,"column":22},"end":{"line":11,"column":42}}],"line":11},"2":{"loc":{"start":{"line":16,"column":8},"end":{"line":18,"column":9}},"type":"if","locations":[{"start":{"line":16,"column":8},"end":{"line":18,"column":9}},{"start":{},"end":{}}],"line":16},"3":{"loc":{"start":{"line":23,"column":16},"end":{"line":25,"column":17}},"type":"if","locations":[{"start":{"line":23,"column":16},"end":{"line":25,"column":17}},{"start":{},"end":{}}],"line":23},"4":{"loc":{"start":{"line":30,"column":15},"end":{"line":30,"column":48}},"type":"binary-expr","locations":[{"start":{"line":30,"column":15},"end":{"line":30,"column":24}},{"start":{"line":30,"column":28},"end":{"line":30,"column":48}}],"line":30},"5":{"loc":{"start":{"line":57,"column":8},"end":{"line":59,"column":9}},"type":"if","locations":[{"start":{"line":57,"column":8},"end":{"line":59,"column":9}},{"start":{},"end":{}}],"line":57},"6":{"loc":{"start":{"line":82,"column":12},"end":{"line":88,"column":13}},"type":"if","locations":[{"start":{"line":82,"column":12},"end":{"line":88,"column":13}},{"start":{"line":85,"column":19},"end":{"line":88,"column":13}}],"line":82},"7":{"loc":{"start":{"line":102,"column":8},"end":{"line":104,"column":9}},"type":"if","locations":[{"start":{"line":102,"column":8},"end":{"line":104,"column":9}},{"start":{},"end":{}}],"line":102},"8":{"loc":{"start":{"line":106,"column":8},"end":{"line":108,"column":9}},"type":"if","locations":[{"start":{"line":106,"column":8},"end":{"line":108,"column":9}},{"start":{},"end":{}}],"line":106},"9":{"loc":{"start":{"line":110,"column":8},"end":{"line":112,"column":9}},"type":"if","locations":[{"start":{"line":110,"column":8},"end":{"line":112,"column":9}},{"start":{},"end":{}}],"line":110},"10":{"loc":{"start":{"line":115,"column":8},"end":{"line":119,"column":9}},"type":"if","locations":[{"start":{"line":115,"column":8},"end":{"line":119,"column":9}},{"start":{},"end":{}}],"line":115},"11":{"loc":{"start":{"line":138,"column":8},"end":{"line":140,"column":9}},"type":"if","locations":[{"start":{"line":138,"column":8},"end":{"line":140,"column":9}},{"start":{},"end":{}}],"line":138},"12":{"loc":{"start":{"line":142,"column":8},"end":{"line":144,"column":9}},"type":"if","locations":[{"start":{"line":142,"column":8},"end":{"line":144,"column":9}},{"start":{},"end":{}}],"line":142},"13":{"loc":{"start":{"line":146,"column":8},"end":{"line":148,"column":9}},"type":"if","locations":[{"start":{"line":146,"column":8},"end":{"line":148,"column":9}},{"start":{},"end":{}}],"line":146},"14":{"loc":{"start":{"line":151,"column":8},"end":{"line":155,"column":9}},"type":"if","locations":[{"start":{"line":151,"column":8},"end":{"line":155,"column":9}},{"start":{},"end":{}}],"line":151},"15":{"loc":{"start":{"line":174,"column":8},"end":{"line":190,"column":5}},"type":"if","locations":[{"start":{"line":174,"column":8},"end":{"line":190,"column":5}},{"start":{"line":187,"column":9},"end":{"line":190,"column":5}}],"line":174},"16":{"loc":{"start":{"line":176,"column":8},"end":{"line":176,"column":78}},"type":"if","locations":[{"start":{"line":176,"column":8},"end":{"line":176,"column":78}},{"start":{},"end":{}}],"line":176},"17":{"loc":{"start":{"line":202,"column":8},"end":{"line":202,"column":84}},"type":"if","locations":[{"start":{"line":202,"column":8},"end":{"line":202,"column":84}},{"start":{},"end":{}}],"line":202},"18":{"loc":{"start":{"line":205,"column":8},"end":{"line":205,"column":82}},"type":"if","locations":[{"start":{"line":205,"column":8},"end":{"line":205,"column":82}},{"start":{},"end":{}}],"line":205},"19":{"loc":{"start":{"line":221,"column":4},"end":{"line":226,"column":5}},"type":"if","locations":[{"start":{"line":221,"column":4},"end":{"line":226,"column":5}},{"start":{"line":224,"column":11},"end":{"line":226,"column":5}}],"line":221},"20":{"loc":{"start":{"line":242,"column":4},"end":{"line":244,"column":5}},"type":"if","locations":[{"start":{"line":242,"column":4},"end":{"line":244,"column":5}},{"start":{},"end":{}}],"line":242},"21":{"loc":{"start":{"line":242,"column":8},"end":{"line":242,"column":41}},"type":"binary-expr","locations":[{"start":{"line":242,"column":8},"end":{"line":242,"column":20}},{"start":{"line":242,"column":24},"end":{"line":242,"column":41}}],"line":242},"22":{"loc":{"start":{"line":248,"column":4},"end":{"line":250,"column":5}},"type":"if","locations":[{"start":{"line":248,"column":4},"end":{"line":250,"column":5}},{"start":{},"end":{}}],"line":248},"23":{"loc":{"start":{"line":256,"column":8},"end":{"line":258,"column":9}},"type":"if","locations":[{"start":{"line":256,"column":8},"end":{"line":258,"column":9}},{"start":{},"end":{}}],"line":256},"24":{"loc":{"start":{"line":270,"column":4},"end":{"line":283,"column":5}},"type":"if","locations":[{"start":{"line":270,"column":4},"end":{"line":283,"column":5}},{"start":{"line":281,"column":11},"end":{"line":283,"column":5}}],"line":270},"25":{"loc":{"start":{"line":270,"column":8},"end":{"line":270,"column":39}},"type":"binary-expr","locations":[{"start":{"line":270,"column":8},"end":{"line":270,"column":19}},{"start":{"line":270,"column":23},"end":{"line":270,"column":39}}],"line":270},"26":{"loc":{"start":{"line":273,"column":12},"end":{"line":276,"column":13}},"type":"if","locations":[{"start":{"line":273,"column":12},"end":{"line":276,"column":13}},{"start":{},"end":{}}],"line":273},"27":{"loc":{"start":{"line":291,"column":8},"end":{"line":293,"column":9}},"type":"if","locations":[{"start":{"line":291,"column":8},"end":{"line":293,"column":9}},{"start":{},"end":{}}],"line":291}},"s":{"0":2,"1":2,"2":2,"3":2,"4":2,"5":2,"6":2,"7":1,"8":1,"9":0,"10":1,"11":1,"12":0,"13":1,"14":1,"15":1,"16":0,"17":1,"18":1,"19":0,"20":0,"21":2,"22":2,"23":0,"24":0,"25":0,"26":0,"27":0,"28":0,"29":0,"30":0,"31":0,"32":0,"33":0,"34":0,"35":0,"36":0,"37":0,"38":0,"39":0,"40":0,"41":0,"42":0,"43":2,"44":0,"45":0,"46":0,"47":0,"48":0,"49":0,"50":0,"51":0,"52":0,"53":0,"54":0,"55":0,"56":0,"57":0,"58":0,"59":0,"60":0,"61":0,"62":0,"63":2,"64":0,"65":0,"66":0,"67":0,"68":0,"69":0,"70":0,"71":0,"72":0,"73":0,"74":0,"75":0,"76":0,"77":0,"78":0,"79":0,"80":0,"81":0,"82":0,"83":0,"84":0,"85":2,"86":1,"87":1,"88":1,"89":1,"90":1,"91":1,"92":0,"93":1,"94":1,"95":1,"96":1,"97":0,"98":0,"99":0,"100":0,"101":2,"102":6,"103":6,"104":6,"105":6,"106":0,"107":6,"108":6,"109":0,"110":6,"111":6,"112":6,"113":6,"114":0,"115":0,"116":2,"117":1,"118":1,"119":1,"120":0,"121":2,"122":1,"123":1,"124":1,"125":1,"126":0,"127":2,"128":0,"129":0,"130":0,"131":0,"132":0,"133":0,"134":0,"135":0,"136":0,"137":0,"138":0,"139":0,"140":0,"141":0,"142":2,"143":1,"144":1,"145":1,"146":0,"147":0,"148":1,"149":0,"150":2,"151":1,"152":1,"153":1,"154":1,"155":1,"156":0,"157":1,"158":1,"159":1,"160":1,"161":0,"162":0,"163":2,"164":0,"165":0,"166":0,"167":0,"168":0,"169":0,"170":0,"171":0},"f":{"0":1,"1":1,"2":1,"3":0,"4":0,"5":0,"6":0,"7":1,"8":6,"9":1,"10":1,"11":0,"12":1,"13":1,"14":1,"15":0},"b":{"0":[0,1],"1":[1,1],"2":[0,1],"3":[0,1],"4":[1,1],"5":[0,0],"6":[0,0],"7":[0,0],"8":[0,0],"9":[0,0],"10":[0,0],"11":[0,0],"12":[0,0],"13":[0,0],"14":[0,0],"15":[1,0],"16":[0,1],"17":[0,6],"18":[0,6],"19":[1,0],"20":[0,0],"21":[0,0],"22":[0,0],"23":[0,0],"24":[1,0],"25":[1,1],"26":[0,1],"27":[0,1]},"_coverageSchema":"1a1c01bbd47fc00a2c39e90264f33305004495a9","hash":"d17a116283952397b26172959765c5912d84989e"}
,"C:\\Users\\91961\\Desktop\\Group38_FDFED_PROJECT\\fedproject\\backend\\middlewares\\errorHandler.js": {"path":"C:\\Users\\91961\\Desktop\\Group38_FDFED_PROJECT\\fedproject\\backend\\middlewares\\errorHandler.js","statementMap":{"0":{"start":{"line":2,"column":21},"end":{"line":11,"column":1}},"1":{"start":{"line":3,"column":4},"end":{"line":3,"column":45}},"2":{"start":{"line":4,"column":4},"end":{"line":4,"column":36}},"3":{"start":{"line":5,"column":4},"end":{"line":5,"column":30}},"4":{"start":{"line":7,"column":4},"end":{"line":10,"column":7}},"5":{"start":{"line":13,"column":0},"end":{"line":13,"column":30}}},"fnMap":{"0":{"name":"(anonymous_0)","decl":{"start":{"line":2,"column":21},"end":{"line":2,"column":22}},"loc":{"start":{"line":2,"column":46},"end":{"line":11,"column":1}},"line":2}},"branchMap":{"0":{"loc":{"start":{"line":9,"column":17},"end":{"line":9,"column":55}},"type":"binary-expr","locations":[{"start":{"line":9,"column":17},"end":{"line":9,"column":28}},{"start":{"line":9,"column":32},"end":{"line":9,"column":55}}],"line":9}},"s":{"0":2,"1":0,"2":0,"3":0,"4":0,"5":2},"f":{"0":0},"b":{"0":[0,0]},"_coverageSchema":"1a1c01bbd47fc00a2c39e90264f33305004495a9","hash":"c7b2e3eca8e5df2acbabe6eb30f63319ca03ee86"}
,"C:\\Users\\91961\\Desktop\\Group38_FDFED_PROJECT\\fedproject\\backend\\models\\Booking.js": {"path":"C:\\Users\\91961\\Desktop\\Group38_FDFED_PROJECT\\fedproject\\backend\\models\\Booking.js","statementMap":{"0":{"start":{"line":1,"column":17},"end":{"line":1,"column":36}},"1":{"start":{"line":3,"column":22},"end":{"line":92,"column":24}},"2":{"start":{"line":94,"column":0},"end":{"line":94,"column":58}}},"fnMap":{},"branchMap":{},"s":{"0":2,"1":2,"2":2},"f":{},"b":{},"_coverageSchema":"1a1c01bbd47fc00a2c39e90264f33305004495a9","hash":"9310d0c4ebc4f03371554a83467e03af83880252"}
,"C:\\Users\\91961\\Desktop\\Group38_FDFED_PROJECT\\fedproject\\backend\\models\\City.js": {"path":"C:\\Users\\91961\\Desktop\\Group38_FDFED_PROJECT\\fedproject\\backend\\models\\City.js","statementMap":{"0":{"start":{"line":1,"column":17},"end":{"line":1,"column":36}},"1":{"start":{"line":2,"column":19},"end":{"line":11,"column":25}},"2":{"start":{"line":12,"column":0},"end":{"line":12,"column":52}}},"fnMap":{},"branchMap":{},"s":{"0":2,"1":2,"2":2},"f":{},"b":{},"_coverageSchema":"1a1c01bbd47fc00a2c39e90264f33305004495a9","hash":"4cd60008bb1c99b619e6d793cd8ae742b1ee0c63"}
,"C:\\Users\\91961\\Desktop\\Group38_FDFED_PROJECT\\fedproject\\backend\\models\\Query.js": {"path":"C:\\Users\\91961\\Desktop\\Group38_FDFED_PROJECT\\fedproject\\backend\\models\\Query.js","statementMap":{"0":{"start":{"line":1,"column":17},"end":{"line":1,"column":36}},"1":{"start":{"line":3,"column":20},"end":{"line":24,"column":2}},"2":{"start":{"line":28,"column":0},"end":{"line":28,"column":54}}},"fnMap":{},"branchMap":{},"s":{"0":2,"1":2,"2":2},"f":{},"b":{},"_coverageSchema":"1a1c01bbd47fc00a2c39e90264f33305004495a9","hash":"b029b990eead326b0642c5abc2888057866e15bb"}
,"C:\\Users\\91961\\Desktop\\Group38_FDFED_PROJECT\\fedproject\\backend\\models\\Shop.js": {"path":"C:\\Users\\91961\\Desktop\\Group38_FDFED_PROJECT\\fedproject\\backend\\models\\Shop.js","statementMap":{"0":{"start":{"line":2,"column":17},"end":{"line":2,"column":36}},"1":{"start":{"line":3,"column":24},"end":{"line":3,"column":46}},"2":{"start":{"line":4,"column":13},"end":{"line":4,"column":30}},"3":{"start":{"line":6,"column":19},"end":{"line":40,"column":2}},"4":{"start":{"line":43,"column":0},"end":{"line":43,"column":49}},"5":{"start":{"line":44,"column":0},"end":{"line":44,"column":50}},"6":{"start":{"line":45,"column":0},"end":{"line":45,"column":54}},"7":{"start":{"line":46,"column":0},"end":{"line":46,"column":34}},"8":{"start":{"line":47,"column":0},"end":{"line":47,"column":35}},"9":{"start":{"line":49,"column":0},"end":{"line":49,"column":52}}},"fnMap":{},"branchMap":{},"s":{"0":2,"1":2,"2":2,"3":2,"4":2,"5":2,"6":2,"7":2,"8":2,"9":2},"f":{},"b":{},"_coverageSchema":"1a1c01bbd47fc00a2c39e90264f33305004495a9","hash":"7fb7caa1218de51b7a1d4a97de68a7f9cb2d2d18"}
,"C:\\Users\\91961\\Desktop\\Group38_FDFED_PROJECT\\fedproject\\backend\\models\\Shopsport.js": {"path":"C:\\Users\\91961\\Desktop\\Group38_FDFED_PROJECT\\fedproject\\backend\\models\\Shopsport.js","statementMap":{"0":{"start":{"line":2,"column":17},"end":{"line":2,"column":36}},"1":{"start":{"line":4,"column":24},"end":{"line":66,"column":2}},"2":{"start":{"line":68,"column":0},"end":{"line":68,"column":33}}},"fnMap":{},"branchMap":{},"s":{"0":2,"1":2,"2":2},"f":{},"b":{},"_coverageSchema":"1a1c01bbd47fc00a2c39e90264f33305004495a9","hash":"fc761da3fd78302f9dcf38ca627cb49ea795f9c8"}
,"C:\\Users\\91961\\Desktop\\Group38_FDFED_PROJECT\\fedproject\\backend\\models\\Sport.js": {"path":"C:\\Users\\91961\\Desktop\\Group38_FDFED_PROJECT\\fedproject\\backend\\models\\Sport.js","statementMap":{"0":{"start":{"line":1,"column":17},"end":{"line":1,"column":36}},"1":{"start":{"line":3,"column":20},"end":{"line":17,"column":2}},"2":{"start":{"line":19,"column":0},"end":{"line":19,"column":54}}},"fnMap":{},"branchMap":{},"s":{"0":2,"1":2,"2":2},"f":{},"b":{},"_coverageSchema":"1a1c01bbd47fc00a2c39e90264f33305004495a9","hash":"deb55169b1b01efe6a7bc1a4dccc75b0b0917bc1"}
,"C:\\Users\\91961\\Desktop\\Group38_FDFED_PROJECT\\fedproject\\backend\\models\\State.js": {"path":"C:\\Users\\91961\\Desktop\\Group38_FDFED_PROJECT\\fedproject\\backend\\models\\State.js","statementMap":{"0":{"start":{"line":1,"column":17},"end":{"line":1,"column":36}},"1":{"start":{"line":2,"column":18},"end":{"line":11,"column":2}},"2":{"start":{"line":13,"column":0},"end":{"line":13,"column":51}}},"fnMap":{},"branchMap":{},"s":{"0":2,"1":2,"2":2},"f":{},"b":{},"_coverageSchema":"1a1c01bbd47fc00a2c39e90264f33305004495a9","hash":"03273a53f87b23f77ed3d21629b21f6a3b68cd1c"}
,"C:\\Users\\91961\\Desktop\\Group38_FDFED_PROJECT\\fedproject\\backend\\models\\User.js": {"path":"C:\\Users\\91961\\Desktop\\Group38_FDFED_PROJECT\\fedproject\\backend\\models\\User.js","statementMap":{"0":{"start":{"line":2,"column":17},"end":{"line":2,"column":36}},"1":{"start":{"line":4,"column":19},"end":{"line":50,"column":2}},"2":{"start":{"line":53,"column":0},"end":{"line":53,"column":52}}},"fnMap":{},"branchMap":{},"s":{"0":2,"1":2,"2":2},"f":{},"b":{},"_coverageSchema":"1a1c01bbd47fc00a2c39e90264f33305004495a9","hash":"503460bdf12704d3ed53df565c308822391c29c3"}
,"C:\\Users\\91961\\Desktop\\Group38_FDFED_PROJECT\\fedproject\\backend\\routes\\adminroutes.js": {"path":"C:\\Users\\91961\\Desktop\\Group38_FDFED_PROJECT\\fedproject\\backend\\routes\\adminroutes.js","statementMap":{"0":{"start":{"line":1,"column":16},"end":{"line":1,"column":34}},"1":{"start":{"line":2,"column":24},"end":{"line":2,"column":65}},"2":{"start":{"line":3,"column":15},"end":{"line":3,"column":31}},"3":{"start":{"line":37,"column":0},"end":{"line":37,"column":58}},"4":{"start":{"line":62,"column":0},"end":{"line":62,"column":57}},"5":{"start":{"line":87,"column":0},"end":{"line":87,"column":64}},"6":{"start":{"line":110,"column":0},"end":{"line":110,"column":60}},"7":{"start":{"line":131,"column":0},"end":{"line":131,"column":61}},"8":{"start":{"line":152,"column":0},"end":{"line":152,"column":60}},"9":{"start":{"line":173,"column":0},"end":{"line":173,"column":58}},"10":{"start":{"line":196,"column":0},"end":{"line":196,"column":62}},"11":{"start":{"line":217,"column":0},"end":{"line":217,"column":60}},"12":{"start":{"line":244,"column":0},"end":{"line":244,"column":51}},"13":{"start":{"line":269,"column":0},"end":{"line":269,"column":69}},"14":{"start":{"line":288,"column":0},"end":{"line":288,"column":60}},"15":{"start":{"line":307,"column":0},"end":{"line":307,"column":60}},"16":{"start":{"line":330,"column":0},"end":{"line":330,"column":51}},"17":{"start":{"line":355,"column":0},"end":{"line":355,"column":49}},"18":{"start":{"line":370,"column":0},"end":{"line":370,"column":47}},"19":{"start":{"line":372,"column":0},"end":{"line":372,"column":24}}},"fnMap":{},"branchMap":{},"s":{"0":2,"1":2,"2":2,"3":2,"4":2,"5":2,"6":2,"7":2,"8":2,"9":2,"10":2,"11":2,"12":2,"13":2,"14":2,"15":2,"16":2,"17":2,"18":2,"19":2},"f":{},"b":{},"_coverageSchema":"1a1c01bbd47fc00a2c39e90264f33305004495a9","hash":"bd2fcb8870484626b3cc38b3e70961710203ab06"}
,"C:\\Users\\91961\\Desktop\\Group38_FDFED_PROJECT\\fedproject\\backend\\routes\\shoproutes.js": {"path":"C:\\Users\\91961\\Desktop\\Group38_FDFED_PROJECT\\fedproject\\backend\\routes\\shoproutes.js","statementMap":{"0":{"start":{"line":1,"column":16},"end":{"line":1,"column":34}},"1":{"start":{"line":2,"column":23},"end":{"line":2,"column":63}},"2":{"start":{"line":3,"column":15},"end":{"line":3,"column":31}},"3":{"start":{"line":4,"column":15},"end":{"line":4,"column":32}},"4":{"start":{"line":15,"column":16},"end":{"line":15,"column":38}},"5":{"start":{"line":16,"column":19},"end":{"line":22,"column":1}},"6":{"start":{"line":17,"column":4},"end":{"line":21,"column":5}},"7":{"start":{"line":18,"column":8},"end":{"line":18,"column":23}},"8":{"start":{"line":20,"column":8},"end":{"line":20,"column":76}},"9":{"start":{"line":23,"column":15},"end":{"line":23,"column":44}},"10":{"start":{"line":54,"column":0},"end":{"line":54,"column":58}},"11":{"start":{"line":81,"column":0},"end":{"line":81,"column":52}},"12":{"start":{"line":95,"column":0},"end":{"line":95,"column":65}},"13":{"start":{"line":128,"column":0},"end":{"line":128,"column":54}},"14":{"start":{"line":178,"column":0},"end":{"line":178,"column":76}},"15":{"start":{"line":194,"column":0},"end":{"line":194,"column":53}},"16":{"start":{"line":219,"column":0},"end":{"line":219,"column":54}},"17":{"start":{"line":256,"column":0},"end":{"line":256,"column":54}},"18":{"start":{"line":270,"column":0},"end":{"line":270,"column":59}},"19":{"start":{"line":295,"column":0},"end":{"line":295,"column":74}},"20":{"start":{"line":309,"column":0},"end":{"line":309,"column":57}},"21":{"start":{"line":325,"column":0},"end":{"line":325,"column":46}},"22":{"start":{"line":350,"column":0},"end":{"line":350,"column":50}},"23":{"start":{"line":366,"column":0},"end":{"line":366,"column":59}},"24":{"start":{"line":380,"column":0},"end":{"line":380,"column":59}},"25":{"start":{"line":382,"column":0},"end":{"line":382,"column":24}}},"fnMap":{"0":{"name":"(anonymous_0)","decl":{"start":{"line":16,"column":19},"end":{"line":16,"column":20}},"loc":{"start":{"line":16,"column":38},"end":{"line":22,"column":1}},"line":16}},"branchMap":{"0":{"loc":{"start":{"line":17,"column":4},"end":{"line":21,"column":5}},"type":"if","locations":[{"start":{"line":17,"column":4},"end":{"line":21,"column":5}},{"start":{"line":19,"column":11},"end":{"line":21,"column":5}}],"line":17}},"s":{"0":2,"1":2,"2":2,"3":2,"4":2,"5":2,"6":0,"7":0,"8":0,"9":2,"10":2,"11":2,"12":2,"13":2,"14":2,"15":2,"16":2,"17":2,"18":2,"19":2,"20":2,"21":2,"22":2,"23":2,"24":2,"25":2},"f":{"0":0},"b":{"0":[0,0]},"_coverageSchema":"1a1c01bbd47fc00a2c39e90264f33305004495a9","hash":"bda45ff919738308e491c4b1984932d63f22b93c"}
,"C:\\Users\\91961\\Desktop\\Group38_FDFED_PROJECT\\fedproject\\backend\\routes\\userroutes.js": {"path":"C:\\Users\\91961\\Desktop\\Group38_FDFED_PROJECT\\fedproject\\backend\\routes\\userroutes.js","statementMap":{"0":{"start":{"line":1,"column":16},"end":{"line":1,"column":34}},"1":{"start":{"line":2,"column":23},"end":{"line":2,"column":63}},"2":{"start":{"line":3,"column":15},"end":{"line":3,"column":31}},"3":{"start":{"line":41,"column":0},"end":{"line":41,"column":46}},"4":{"start":{"line":77,"column":0},"end":{"line":77,"column":44}},"5":{"start":{"line":98,"column":0},"end":{"line":98,"column":57}},"6":{"start":{"line":123,"column":0},"end":{"line":123,"column":48}},"7":{"start":{"line":165,"column":0},"end":{"line":165,"column":50}},"8":{"start":{"line":196,"column":0},"end":{"line":196,"column":60}},"9":{"start":{"line":217,"column":0},"end":{"line":217,"column":57}},"10":{"start":{"line":242,"column":0},"end":{"line":242,"column":60}},"11":{"start":{"line":258,"column":0},"end":{"line":258,"column":46}},"12":{"start":{"line":287,"column":0},"end":{"line":287,"column":62}},"13":{"start":{"line":316,"column":0},"end":{"line":316,"column":56}},"14":{"start":{"line":318,"column":0},"end":{"line":318,"column":24}}},"fnMap":{},"branchMap":{},"s":{"0":2,"1":2,"2":2,"3":2,"4":2,"5":2,"6":2,"7":2,"8":2,"9":2,"10":2,"11":2,"12":2,"13":2,"14":2},"f":{},"b":{},"_coverageSchema":"1a1c01bbd47fc00a2c39e90264f33305004495a9","hash":"7bad339074b81a20dfe1fc1e5a5d900f657ce056"}
}
