TN:
SF:server1.js
FN:37,(anonymous_0)
FN:113,(anonymous_1)
FN:153,(anonymous_2)
FNF:3
FNH:1
FNDA:0,(anonymous_0)
FNDA:15,(anonymous_1)
FNDA:0,(anonymous_2)
DA:1,1
DA:2,1
DA:3,1
DA:4,1
DA:5,1
DA:6,1
DA:7,1
DA:8,1
DA:9,1
DA:10,1
DA:11,1
DA:12,1
DA:13,1
DA:14,1
DA:15,1
DA:16,1
DA:17,1
DA:18,1
DA:19,1
DA:20,1
DA:22,1
DA:25,1
DA:27,1
DA:30,1
DA:31,0
DA:35,1
DA:36,0
DA:37,0
DA:38,0
DA:39,0
DA:41,0
DA:47,1
DA:48,1
DA:49,1
DA:52,1
DA:63,1
DA:64,0
DA:89,0
DA:90,0
DA:94,1
DA:95,1
DA:96,1
DA:98,1
DA:99,0
DA:103,0
DA:107,1
DA:112,1
DA:114,15
DA:115,15
DA:117,0
DA:125,1
DA:139,1
DA:140,1
DA:141,1
DA:142,1
DA:145,1
DA:148,1
DA:151,1
DA:152,0
DA:153,0
LF:60
LH:46
BRDA:30,0,0,0
BRDA:30,0,1,1
BRDA:35,1,0,0
BRDA:35,1,1,1
BRDA:38,2,0,0
BRDA:38,2,1,0
BRDA:63,3,0,0
BRDA:63,3,1,1
BRDA:98,4,0,0
BRDA:98,4,1,1
BRDA:114,5,0,15
BRDA:114,5,1,0
BRDA:114,6,0,15
BRDA:114,6,1,0
BRDA:126,7,0,1
BRDA:126,7,1,1
BRDA:129,8,0,1
BRDA:129,8,1,0
BRDA:133,9,0,0
BRDA:133,9,1,1
BRDA:151,10,0,0
BRDA:151,10,1,1
BRDA:152,11,0,0
BRDA:152,11,1,0
BRF:24
BRH:11
end_of_record
TN:
SF:config\db.js
FN:4,(anonymous_0)
FNF:1
FNH:0
FNDA:0,(anonymous_0)
DA:1,1
DA:2,1
DA:4,1
DA:5,0
DA:6,0
DA:10,0
DA:12,0
DA:13,0
DA:17,1
LF:9
LH:4
BRF:0
BRH:0
end_of_record
TN:
SF:config\redisClient.js
FN:17,(anonymous_0)
FN:22,(anonymous_1)
FNF:2
FNH:1
FNDA:1,(anonymous_0)
FNDA:0,(anonymous_1)
DA:1,1
DA:2,1
DA:5,1
DA:8,1
DA:17,1
DA:18,1
DA:22,1
DA:23,0
DA:26,1
LF:9
LH:8
BRDA:11,0,0,1
BRDA:11,0,1,0
BRDA:12,1,0,1
BRDA:12,1,1,0
BRDA:13,2,0,0
BRDA:13,2,1,1
BRF:6
BRH:3
end_of_record
TN:
SF:controllers\admincontroller.js
FN:14,(anonymous_0)
FN:28,(anonymous_1)
FN:30,(anonymous_2)
FN:63,(anonymous_3)
FN:83,(anonymous_4)
FN:94,(anonymous_5)
FN:109,(anonymous_6)
FN:117,(anonymous_7)
FN:130,(anonymous_8)
FN:138,(anonymous_9)
FN:152,(anonymous_10)
FN:162,(anonymous_11)
FN:176,(anonymous_12)
FN:191,(anonymous_13)
FN:197,(anonymous_14)
FN:204,(anonymous_15)
FN:221,(anonymous_16)
FN:237,(anonymous_17)
FN:260,(anonymous_18)
FN:274,(anonymous_19)
FN:295,(anonymous_20)
FN:303,(anonymous_21)
FN:311,(anonymous_22)
FN:326,(anonymous_23)
FN:348,(anonymous_24)
FN:350,(anonymous_25)
FNF:26
FNH:7
FNDA:1,(anonymous_0)
FNDA:0,(anonymous_1)
FNDA:0,(anonymous_2)
FNDA:1,(anonymous_3)
FNDA:0,(anonymous_4)
FNDA:0,(anonymous_5)
FNDA:0,(anonymous_6)
FNDA:0,(anonymous_7)
FNDA:0,(anonymous_8)
FNDA:0,(anonymous_9)
FNDA:0,(anonymous_10)
FNDA:0,(anonymous_11)
FNDA:0,(anonymous_12)
FNDA:0,(anonymous_13)
FNDA:0,(anonymous_14)
FNDA:0,(anonymous_15)
FNDA:0,(anonymous_16)
FNDA:0,(anonymous_17)
FNDA:1,(anonymous_18)
FNDA:0,(anonymous_19)
FNDA:1,(anonymous_20)
FNDA:1,(anonymous_21)
FNDA:1,(anonymous_22)
FNDA:1,(anonymous_23)
FNDA:0,(anonymous_24)
FNDA:0,(anonymous_25)
DA:1,1
DA:2,1
DA:3,1
DA:4,1
DA:5,1
DA:6,1
DA:7,1
DA:8,1
DA:9,1
DA:10,1
DA:11,1
DA:14,1
DA:15,1
DA:16,1
DA:17,1
DA:19,1
DA:20,0
DA:21,0
DA:24,1
DA:25,1
DA:26,1
DA:28,1
DA:29,0
DA:30,0
DA:31,0
DA:32,0
DA:33,0
DA:34,0
DA:35,0
DA:37,0
DA:40,0
DA:41,0
DA:43,0
DA:44,0
DA:49,1
DA:51,1
DA:52,1
DA:55,0
DA:56,0
DA:63,1
DA:64,1
DA:65,1
DA:66,1
DA:67,1
DA:68,1
DA:75,0
DA:78,0
DA:83,1
DA:84,0
DA:86,0
DA:87,0
DA:89,0
DA:90,0
DA:94,0
DA:95,0
DA:96,0
DA:97,0
DA:101,0
DA:102,0
DA:104,0
DA:105,0
DA:109,1
DA:110,0
DA:111,0
DA:112,0
DA:113,0
DA:114,0
DA:117,0
DA:118,0
DA:119,0
DA:122,0
DA:123,0
DA:125,0
DA:127,0
DA:130,1
DA:131,0
DA:132,0
DA:133,0
DA:134,0
DA:135,0
DA:138,0
DA:139,0
DA:140,0
DA:143,0
DA:144,0
DA:146,0
DA:148,0
DA:152,1
DA:153,0
DA:154,0
DA:155,0
DA:156,0
DA:158,0
DA:162,1
DA:163,0
DA:164,0
DA:165,0
DA:166,0
DA:167,0
DA:168,0
DA:170,0
DA:172,0
DA:176,1
DA:177,0
DA:178,0
DA:179,0
DA:181,0
DA:182,0
DA:184,0
DA:187,0
DA:191,1
DA:192,0
DA:193,0
DA:194,0
DA:196,0
DA:197,0
DA:198,0
DA:201,0
DA:202,0
DA:204,0
DA:205,0
DA:206,0
DA:207,0
DA:209,0
DA:210,0
DA:211,0
DA:213,0
DA:221,0
DA:227,0
DA:232,0
DA:237,1
DA:238,0
DA:239,0
DA:240,0
DA:241,0
DA:243,0
DA:244,0
DA:247,0
DA:249,0
DA:256,0
DA:260,1
DA:261,1
DA:262,1
DA:264,1
DA:265,1
DA:267,0
DA:270,0
DA:274,1
DA:275,0
DA:276,0
DA:278,0
DA:279,0
DA:282,0
DA:288,0
DA:290,0
DA:292,0
DA:295,1
DA:296,1
DA:297,1
DA:298,1
DA:300,0
DA:303,1
DA:304,1
DA:305,1
DA:306,1
DA:308,0
DA:311,1
DA:312,1
DA:313,1
DA:314,1
DA:315,1
DA:316,0
DA:318,1
DA:321,1
DA:322,1
DA:324,0
DA:326,1
DA:327,1
DA:328,1
DA:329,1
DA:330,1
DA:331,1
DA:332,1
DA:333,0
DA:335,1
DA:339,1
DA:340,1
DA:341,1
DA:343,0
DA:348,1
DA:349,0
DA:350,0
DA:351,0
DA:352,0
DA:354,0
DA:357,0
LF:196
LH:71
BRDA:19,0,0,0
BRDA:19,0,1,1
BRDA:29,1,0,0
BRDA:29,1,1,0
BRDA:29,2,0,0
BRDA:29,2,1,0
BRDA:31,3,0,0
BRDA:31,3,1,0
BRDA:33,4,0,0
BRDA:33,4,1,0
BRDA:33,5,0,0
BRDA:33,5,1,0
BRDA:34,6,0,0
BRDA:34,6,1,0
BRDA:64,7,0,1
BRDA:64,7,1,0
BRDA:64,8,0,1
BRDA:64,8,1,1
BRDA:89,9,0,0
BRDA:89,9,1,0
BRDA:95,10,0,0
BRDA:95,10,1,0
BRDA:113,11,0,0
BRDA:113,11,1,0
BRDA:118,12,0,0
BRDA:118,12,1,0
BRDA:134,13,0,0
BRDA:134,13,1,0
BRDA:139,14,0,0
BRDA:139,14,1,0
BRDA:181,15,0,0
BRDA:181,15,1,0
BRDA:206,16,0,0
BRDA:206,16,1,0
BRDA:209,17,0,0
BRDA:209,17,1,0
BRDA:210,18,0,0
BRDA:210,18,1,0
BRDA:214,19,0,0
BRDA:214,19,1,0
BRDA:264,20,0,1
BRDA:264,20,1,0
BRDA:278,21,0,0
BRDA:278,21,1,0
BRDA:278,22,0,0
BRDA:278,22,1,0
BRDA:278,22,2,0
BRDA:315,23,0,0
BRDA:315,23,1,1
BRDA:332,24,0,0
BRDA:332,24,1,1
BRDA:349,25,0,0
BRDA:349,25,1,0
BRDA:349,26,0,0
BRDA:349,26,1,0
BRDA:351,27,0,0
BRDA:351,27,1,0
BRF:57
BRH:7
end_of_record
TN:
SF:controllers\shopcontroller.js
FN:9,(anonymous_0)
FN:18,(anonymous_1)
FN:19,(anonymous_2)
FN:34,(anonymous_3)
FN:67,(anonymous_4)
FN:101,(anonymous_5)
FN:106,(anonymous_6)
FN:139,(anonymous_7)
FN:164,(anonymous_8)
FN:208,(anonymous_9)
FN:223,(anonymous_10)
FN:251,(anonymous_11)
FN:258,(anonymous_12)
FN:331,(anonymous_13)
FN:350,(anonymous_14)
FN:351,(anonymous_15)
FN:352,(anonymous_16)
FN:397,(anonymous_17)
FN:407,(anonymous_18)
FN:422,(anonymous_19)
FN:441,(anonymous_20)
FN:442,(anonymous_21)
FN:457,(anonymous_22)
FN:489,(anonymous_23)
FN:509,(anonymous_24)
FN:518,(anonymous_25)
FN:549,(anonymous_26)
FN:552,(anonymous_27)
FN:566,(anonymous_28)
FN:583,(anonymous_29)
FN:585,(anonymous_30)
FN:586,(anonymous_31)
FN:589,(anonymous_32)
FN:591,(anonymous_33)
FN:592,(anonymous_34)
FN:609,(anonymous_35)
FN:621,(anonymous_36)
FNF:37
FNH:9
FNDA:1,(anonymous_0)
FNDA:1,(anonymous_1)
FNDA:0,(anonymous_2)
FNDA:1,(anonymous_3)
FNDA:2,(anonymous_4)
FNDA:1,(anonymous_5)
FNDA:0,(anonymous_6)
FNDA:0,(anonymous_7)
FNDA:0,(anonymous_8)
FNDA:0,(anonymous_9)
FNDA:0,(anonymous_10)
FNDA:0,(anonymous_11)
FNDA:0,(anonymous_12)
FNDA:4,(anonymous_13)
FNDA:1,(anonymous_14)
FNDA:1,(anonymous_15)
FNDA:1,(anonymous_16)
FNDA:0,(anonymous_17)
FNDA:0,(anonymous_18)
FNDA:0,(anonymous_19)
FNDA:0,(anonymous_20)
FNDA:0,(anonymous_21)
FNDA:0,(anonymous_22)
FNDA:0,(anonymous_23)
FNDA:0,(anonymous_24)
FNDA:0,(anonymous_25)
FNDA:0,(anonymous_26)
FNDA:0,(anonymous_27)
FNDA:0,(anonymous_28)
FNDA:0,(anonymous_29)
FNDA:0,(anonymous_30)
FNDA:0,(anonymous_31)
FNDA:0,(anonymous_32)
FNDA:0,(anonymous_33)
FNDA:0,(anonymous_34)
FNDA:0,(anonymous_35)
FNDA:0,(anonymous_36)
DA:1,1
DA:2,1
DA:3,1
DA:4,1
DA:5,1
DA:6,1
DA:9,1
DA:10,1
DA:12,1
DA:13,1
DA:14,0
DA:18,1
DA:19,1
DA:20,0
DA:21,0
DA:23,0
DA:27,0
DA:29,0
DA:30,0
DA:34,1
DA:35,1
DA:37,1
DA:39,1
DA:40,1
DA:41,1
DA:42,0
DA:46,1
DA:49,1
DA:56,1
DA:58,1
DA:60,0
DA:63,0
DA:64,0
DA:67,1
DA:68,2
DA:70,2
DA:71,0
DA:74,2
DA:76,2
DA:80,2
DA:81,0
DA:85,2
DA:86,2
DA:87,0
DA:91,2
DA:92,2
DA:93,2
DA:95,0
DA:96,0
DA:101,1
DA:102,1
DA:103,1
DA:105,1
DA:106,0
DA:107,0
DA:108,0
DA:109,0
DA:113,0
DA:114,0
DA:115,0
DA:117,0
DA:120,0
DA:121,0
DA:123,0
DA:126,1
DA:129,1
DA:131,0
DA:139,1
DA:140,0
DA:141,0
DA:144,0
DA:145,0
DA:147,0
DA:148,0
DA:149,0
DA:151,0
DA:152,0
DA:155,0
DA:156,0
DA:158,0
DA:159,0
DA:164,1
DA:165,0
DA:166,0
DA:170,0
DA:171,0
DA:173,0
DA:175,0
DA:176,0
DA:178,0
DA:181,0
DA:185,0
DA:186,0
DA:189,0
DA:191,0
DA:192,0
DA:193,0
DA:195,0
DA:196,0
DA:199,0
DA:208,0
DA:221,0
DA:222,0
DA:223,0
DA:224,0
DA:226,0
DA:227,0
DA:231,0
DA:232,0
DA:233,0
DA:235,0
DA:238,0
DA:239,0
DA:241,0
DA:243,0
DA:245,0
DA:247,0
DA:248,0
DA:251,1
DA:252,0
DA:253,0
DA:256,0
DA:257,0
DA:258,0
DA:260,0
DA:261,0
DA:262,0
DA:265,0
DA:268,0
DA:270,0
DA:273,0
DA:274,0
DA:329,1
DA:331,1
DA:332,4
DA:333,4
DA:336,4
DA:337,3
DA:338,1
DA:339,1
DA:343,2
DA:346,2
DA:347,1
DA:349,1
DA:351,1
DA:352,1
DA:353,1
DA:354,1
DA:355,1
DA:356,0
DA:357,0
DA:360,0
DA:363,1
DA:381,1
DA:382,0
DA:386,1
DA:387,1
DA:389,1
DA:391,1
DA:392,1
DA:397,1
DA:398,0
DA:399,0
DA:400,0
DA:402,0
DA:407,1
DA:408,0
DA:409,0
DA:410,0
DA:411,0
DA:413,0
DA:418,0
DA:419,0
DA:422,0
DA:423,0
DA:424,0
DA:427,0
DA:430,0
DA:431,0
DA:432,0
DA:434,0
DA:437,0
DA:439,0
DA:440,0
DA:441,0
DA:442,0
DA:449,0
DA:452,0
DA:453,0
DA:457,1
DA:458,0
DA:459,0
DA:461,0
DA:462,0
DA:466,0
DA:467,0
DA:468,0
DA:470,0
DA:483,0
DA:484,0
DA:486,0
DA:489,1
DA:490,0
DA:491,0
DA:492,0
DA:493,0
DA:495,0
DA:496,0
DA:504,0
DA:506,0
DA:509,1
DA:510,0
DA:512,0
DA:513,0
DA:515,0
DA:516,0
DA:518,0
DA:520,0
DA:521,0
DA:522,0
DA:525,0
DA:526,0
DA:529,0
DA:538,0
DA:540,0
DA:545,0
DA:546,0
DA:549,1
DA:550,0
DA:552,0
DA:553,0
DA:554,0
DA:555,0
DA:558,0
DA:561,0
DA:566,1
DA:567,0
DA:569,0
DA:570,0
DA:571,0
DA:575,0
DA:578,0
DA:583,0
DA:584,0
DA:585,0
DA:586,0
DA:589,0
DA:590,0
DA:591,0
DA:592,0
DA:599,0
DA:600,0
DA:602,0
DA:605,0
DA:606,0
DA:609,1
DA:610,0
DA:612,0
DA:616,0
DA:617,0
DA:621,0
DA:629,0
DA:631,0
DA:632,0
LF:264
LH:74
BRDA:13,0,0,0
BRDA:13,0,1,1
BRDA:20,1,0,0
BRDA:20,1,1,0
BRDA:27,2,0,0
BRDA:27,2,1,0
BRDA:39,3,0,1
BRDA:39,3,1,0
BRDA:41,4,0,0
BRDA:41,4,1,1
BRDA:70,5,0,0
BRDA:70,5,1,2
BRDA:70,6,0,2
BRDA:70,6,1,2
BRDA:80,7,0,0
BRDA:80,7,1,2
BRDA:86,8,0,0
BRDA:86,8,1,2
BRDA:102,9,0,1
BRDA:102,9,1,0
BRDA:105,10,0,0
BRDA:105,10,1,1
BRDA:105,11,0,1
BRDA:105,11,1,1
BRDA:108,12,0,0
BRDA:108,12,1,0
BRDA:108,13,0,0
BRDA:108,13,1,0
BRDA:109,14,0,0
BRDA:109,14,1,0
BRDA:114,15,0,0
BRDA:114,15,1,0
BRDA:140,16,0,0
BRDA:140,16,1,0
BRDA:151,17,0,0
BRDA:151,17,1,0
BRDA:175,18,0,0
BRDA:175,18,1,0
BRDA:185,19,0,0
BRDA:185,19,1,0
BRDA:185,20,0,0
BRDA:185,20,1,0
BRDA:185,20,2,0
BRDA:185,20,3,0
BRDA:185,20,4,0
BRDA:185,20,5,0
BRDA:185,20,6,0
BRDA:195,21,0,0
BRDA:195,21,1,0
BRDA:226,22,0,0
BRDA:226,22,1,0
BRDA:226,23,0,0
BRDA:226,23,1,0
BRDA:227,24,0,0
BRDA:227,24,1,0
BRDA:232,25,0,0
BRDA:232,25,1,0
BRDA:260,26,0,0
BRDA:260,26,1,0
BRDA:337,27,0,1
BRDA:337,27,1,2
BRDA:346,28,0,1
BRDA:346,28,1,1
BRDA:346,29,0,2
BRDA:346,29,1,2
BRDA:355,30,0,0
BRDA:355,30,1,1
BRDA:355,31,0,1
BRDA:355,31,1,1
BRDA:356,32,0,0
BRDA:356,32,1,0
BRDA:381,33,0,0
BRDA:381,33,1,1
BRDA:418,34,0,0
BRDA:418,34,1,0
BRDA:423,35,0,0
BRDA:423,35,1,0
BRDA:430,36,0,0
BRDA:430,36,1,0
BRDA:430,37,0,0
BRDA:430,37,1,0
BRDA:431,38,0,0
BRDA:431,38,1,0
BRDA:443,39,0,0
BRDA:443,39,1,0
BRDA:444,40,0,0
BRDA:444,40,1,0
BRDA:445,41,0,0
BRDA:445,41,1,0
BRDA:446,42,0,0
BRDA:446,42,1,0
BRDA:461,43,0,0
BRDA:461,43,1,0
BRDA:461,44,0,0
BRDA:461,44,1,0
BRDA:461,44,2,0
BRDA:461,44,3,0
BRDA:461,44,4,0
BRDA:521,45,0,0
BRDA:521,45,1,0
BRDA:525,46,0,0
BRDA:525,46,1,0
BRDA:550,47,0,0
BRDA:550,47,1,0
BRDA:550,48,0,0
BRDA:550,48,1,0
BRDA:553,49,0,0
BRDA:553,49,1,0
BRDA:570,50,0,0
BRDA:570,50,1,0
BRDA:599,51,0,0
BRDA:599,51,1,0
BRDA:616,52,0,0
BRDA:616,52,1,0
BRDA:616,53,0,0
BRDA:616,53,1,0
BRF:116
BRH:22
end_of_record
TN:
SF:controllers\usercontroller.js
FN:8,(anonymous_0)
FN:21,(anonymous_1)
FN:22,(anonymous_2)
FN:49,(anonymous_3)
FN:81,(anonymous_4)
FN:97,(anonymous_5)
FN:133,(anonymous_6)
FN:170,(anonymous_7)
FN:198,(anonymous_8)
FN:219,(anonymous_9)
FN:228,(anonymous_10)
FN:238,(anonymous_11)
FN:269,(anonymous_12)
FN:272,(anonymous_13)
FN:286,(anonymous_14)
FN:310,(anonymous_15)
FNF:16
FNH:1
FNDA:0,(anonymous_0)
FNDA:0,(anonymous_1)
FNDA:0,(anonymous_2)
FNDA:0,(anonymous_3)
FNDA:0,(anonymous_4)
FNDA:0,(anonymous_5)
FNDA:0,(anonymous_6)
FNDA:0,(anonymous_7)
FNDA:1,(anonymous_8)
FNDA:0,(anonymous_9)
FNDA:0,(anonymous_10)
FNDA:0,(anonymous_11)
FNDA:0,(anonymous_12)
FNDA:0,(anonymous_13)
FNDA:0,(anonymous_14)
FNDA:0,(anonymous_15)
DA:1,1
DA:2,1
DA:3,1
DA:4,1
DA:5,1
DA:6,1
DA:8,1
DA:9,0
DA:11,0
DA:12,0
DA:15,0
DA:16,0
DA:17,0
DA:21,0
DA:22,0
DA:23,0
DA:24,0
DA:26,0
DA:30,0
DA:32,0
DA:33,0
DA:38,1
DA:49,1
DA:50,0
DA:51,0
DA:52,0
DA:53,0
DA:55,0
DA:56,0
DA:57,0
DA:58,0
DA:61,0
DA:62,0
DA:63,0
DA:65,0
DA:81,0
DA:82,0
DA:83,0
DA:84,0
DA:86,0
DA:87,0
DA:91,0
DA:92,0
DA:97,1
DA:98,0
DA:100,0
DA:101,0
DA:102,0
DA:103,0
DA:106,0
DA:107,0
DA:110,0
DA:111,0
DA:114,0
DA:115,0
DA:116,0
DA:117,0
DA:118,0
DA:121,0
DA:122,0
DA:125,0
DA:127,0
DA:128,0
DA:133,1
DA:134,0
DA:136,0
DA:137,0
DA:138,0
DA:139,0
DA:142,0
DA:143,0
DA:146,0
DA:147,0
DA:150,0
DA:151,0
DA:152,0
DA:153,0
DA:154,0
DA:157,0
DA:158,0
DA:159,0
DA:160,0
DA:162,0
DA:164,0
DA:165,0
DA:170,1
DA:171,0
DA:172,0
DA:173,0
DA:174,0
DA:175,0
DA:176,0
DA:178,0
DA:180,0
DA:185,0
DA:186,0
DA:188,0
DA:189,0
DA:192,0
DA:193,0
DA:198,1
DA:199,1
DA:200,1
DA:201,1
DA:202,1
DA:204,1
DA:205,1
DA:207,1
DA:208,1
DA:209,1
DA:211,1
DA:213,0
DA:214,0
DA:219,1
DA:221,0
DA:222,0
DA:223,0
DA:225,0
DA:228,1
DA:229,0
DA:230,0
DA:231,0
DA:232,0
DA:234,0
DA:238,1
DA:239,0
DA:242,0
DA:243,0
DA:246,0
DA:248,0
DA:249,0
DA:252,0
DA:254,0
DA:256,0
DA:257,0
DA:261,0
DA:263,0
DA:265,0
DA:266,0
DA:269,1
DA:270,0
DA:272,0
DA:273,0
DA:274,0
DA:275,0
DA:279,0
DA:282,0
DA:286,1
DA:287,0
DA:288,0
DA:289,0
DA:290,0
DA:291,0
DA:292,0
DA:296,0
DA:302,0
DA:303,0
DA:304,0
DA:306,0
DA:307,0
DA:310,1
DA:311,0
DA:312,0
DA:313,0
DA:314,0
DA:315,0
DA:318,0
DA:319,0
DA:321,0
LF:169
LH:29
BRDA:11,0,0,0
BRDA:11,0,1,0
BRDA:11,1,0,0
BRDA:11,1,1,0
BRDA:16,2,0,0
BRDA:16,2,1,0
BRDA:23,3,0,0
BRDA:23,3,1,0
BRDA:30,4,0,0
BRDA:30,4,1,0
BRDA:57,5,0,0
BRDA:57,5,1,0
BRDA:82,6,0,0
BRDA:82,6,1,0
BRDA:102,7,0,0
BRDA:102,7,1,0
BRDA:106,8,0,0
BRDA:106,8,1,0
BRDA:110,9,0,0
BRDA:110,9,1,0
BRDA:115,10,0,0
BRDA:115,10,1,0
BRDA:138,11,0,0
BRDA:138,11,1,0
BRDA:142,12,0,0
BRDA:142,12,1,0
BRDA:146,13,0,0
BRDA:146,13,1,0
BRDA:151,14,0,0
BRDA:151,14,1,0
BRDA:174,15,0,0
BRDA:174,15,1,0
BRDA:176,16,0,0
BRDA:176,16,1,0
BRDA:202,17,0,0
BRDA:202,17,1,1
BRDA:205,18,0,0
BRDA:205,18,1,1
BRDA:221,19,0,0
BRDA:221,19,1,0
BRDA:242,20,0,0
BRDA:242,20,1,0
BRDA:242,21,0,0
BRDA:242,21,1,0
BRDA:248,22,0,0
BRDA:248,22,1,0
BRDA:256,23,0,0
BRDA:256,23,1,0
BRDA:270,24,0,0
BRDA:270,24,1,0
BRDA:270,25,0,0
BRDA:270,25,1,0
BRDA:273,26,0,0
BRDA:273,26,1,0
BRDA:291,27,0,0
BRDA:291,27,1,0
BRF:56
BRH:2
end_of_record
TN:
SF:middlewares\errorHandler.js
FN:2,(anonymous_0)
FNF:1
FNH:0
FNDA:0,(anonymous_0)
DA:2,1
DA:3,0
DA:4,0
DA:5,0
DA:7,0
DA:13,1
LF:6
LH:2
BRDA:9,0,0,0
BRDA:9,0,1,0
BRF:2
BRH:0
end_of_record
TN:
SF:models\Booking.js
FNF:0
FNH:0
DA:1,1
DA:3,1
DA:94,1
LF:3
LH:3
BRF:0
BRH:0
end_of_record
TN:
SF:models\City.js
FNF:0
FNH:0
DA:1,1
DA:2,1
DA:12,1
LF:3
LH:3
BRF:0
BRH:0
end_of_record
TN:
SF:models\Query.js
FNF:0
FNH:0
DA:1,1
DA:3,1
DA:28,1
LF:3
LH:3
BRF:0
BRH:0
end_of_record
TN:
SF:models\Shop.js
FNF:0
FNH:0
DA:1,1
DA:2,1
DA:3,1
DA:5,1
DA:42,1
LF:5
LH:5
BRF:0
BRH:0
end_of_record
TN:
SF:models\Shopsport.js
FNF:0
FNH:0
DA:1,1
DA:3,1
DA:68,1
LF:3
LH:3
BRF:0
BRH:0
end_of_record
TN:
SF:models\Sport.js
FNF:0
FNH:0
DA:1,1
DA:3,1
DA:19,1
LF:3
LH:3
BRF:0
BRH:0
end_of_record
TN:
SF:models\State.js
FNF:0
FNH:0
DA:1,1
DA:2,1
DA:13,1
LF:3
LH:3
BRF:0
BRH:0
end_of_record
TN:
SF:models\User.js
FNF:0
FNH:0
DA:1,1
DA:3,1
DA:51,1
LF:3
LH:3
BRF:0
BRH:0
end_of_record
TN:
SF:routes\adminroutes.js
FNF:0
FNH:0
DA:1,1
DA:2,1
DA:3,1
DA:37,1
DA:62,1
DA:87,1
DA:110,1
DA:131,1
DA:152,1
DA:173,1
DA:196,1
DA:217,1
DA:244,1
DA:269,1
DA:288,1
DA:307,1
DA:330,1
DA:355,1
DA:370,1
DA:372,1
LF:20
LH:20
BRF:0
BRH:0
end_of_record
TN:
SF:routes\payment.js
FN:16,(anonymous_0)
FNF:1
FNH:0
FNDA:0,(anonymous_0)
DA:1,1
DA:2,1
DA:3,1
DA:4,1
DA:5,1
DA:8,1
DA:10,1
DA:16,1
DA:17,0
DA:20,0
DA:21,0
DA:22,0
DA:25,0
DA:27,0
DA:34,0
DA:35,0
DA:37,0
DA:40,0
DA:41,0
DA:42,0
DA:46,1
LF:21
LH:9
BRDA:17,0,0,0
BRDA:17,1,0,0
BRDA:21,2,0,0
BRDA:21,2,1,0
BRDA:21,3,0,0
BRDA:21,3,1,0
BRDA:42,4,0,0
BRDA:42,4,1,0
BRF:8
BRH:0
end_of_record
TN:
SF:routes\shoproutes.js
FN:16,(anonymous_0)
FNF:1
FNH:0
FNDA:0,(anonymous_0)
DA:1,1
DA:2,1
DA:3,1
DA:4,1
DA:15,1
DA:16,1
DA:17,0
DA:18,0
DA:20,0
DA:23,1
DA:54,1
DA:81,1
DA:95,1
DA:128,1
DA:178,1
DA:194,1
DA:219,1
DA:256,1
DA:270,1
DA:295,1
DA:309,1
DA:325,1
DA:350,1
DA:366,1
DA:380,1
DA:382,1
LF:26
LH:23
BRDA:17,0,0,0
BRDA:17,0,1,0
BRF:2
BRH:0
end_of_record
TN:
SF:routes\userroutes.js
FNF:0
FNH:0
DA:1,1
DA:2,1
DA:3,1
DA:41,1
DA:77,1
DA:98,1
DA:123,1
DA:165,1
DA:196,1
DA:217,1
DA:242,1
DA:258,1
DA:287,1
DA:316,1
DA:318,1
LF:15
LH:15
BRF:0
BRH:0
end_of_record
