TN:
SF:server1.js
FN:50,(anonymous_0)
FNF:1
FNH:1
FNDA:25,(anonymous_0)
DA:1,2
DA:2,2
DA:3,2
DA:4,2
DA:5,2
DA:6,2
DA:7,2
DA:8,2
DA:9,2
DA:10,2
DA:11,2
DA:12,2
DA:13,2
DA:16,2
DA:19,2
DA:21,2
DA:23,2
DA:24,2
DA:25,2
DA:28,2
DA:41,2
DA:44,2
DA:49,2
DA:51,25
DA:52,25
DA:54,0
DA:62,2
DA:76,2
DA:77,2
DA:78,2
DA:81,2
DA:84,2
LF:32
LH:31
BRDA:51,0,0,25
BRDA:51,0,1,0
BRDA:51,1,0,25
BRDA:51,1,1,0
BRDA:63,2,0,2
BRDA:63,2,1,2
BRDA:66,3,0,2
BRDA:66,3,1,0
BRDA:70,4,0,0
BRDA:70,4,1,2
BRF:10
BRH:6
end_of_record
TN:
SF:config\redisClient.js
FN:17,(anonymous_0)
FN:22,(anonymous_1)
FNF:2
FNH:1
FNDA:1,(anonymous_0)
FNDA:0,(anonymous_1)
DA:1,1
DA:2,1
DA:5,1
DA:8,1
DA:17,1
DA:18,1
DA:22,1
DA:23,0
DA:26,1
LF:9
LH:8
BRDA:11,0,0,1
BRDA:11,0,1,0
BRDA:12,1,0,1
BRDA:12,1,1,0
BRDA:13,2,0,0
BRDA:13,2,1,1
BRF:6
BRH:3
end_of_record
TN:
SF:controllers\admincontroller.js
FN:9,(anonymous_0)
FN:15,(anonymous_1)
FN:17,(anonymous_2)
FN:49,(anonymous_3)
FN:69,(anonymous_4)
FN:85,(anonymous_5)
FN:101,(anonymous_6)
FN:109,(anonymous_7)
FN:123,(anonymous_8)
FN:131,(anonymous_9)
FN:146,(anonymous_10)
FN:156,(anonymous_11)
FN:170,(anonymous_12)
FN:184,(anonymous_13)
FN:190,(anonymous_14)
FN:197,(anonymous_15)
FN:214,(anonymous_16)
FN:229,(anonymous_17)
FN:252,(anonymous_18)
FN:266,(anonymous_19)
FN:287,(anonymous_20)
FN:295,(anonymous_21)
FN:303,(anonymous_22)
FN:318,(anonymous_23)
FN:340,(anonymous_24)
FN:342,(anonymous_25)
FNF:26
FNH:7
FNDA:1,(anonymous_0)
FNDA:0,(anonymous_1)
FNDA:0,(anonymous_2)
FNDA:1,(anonymous_3)
FNDA:0,(anonymous_4)
FNDA:0,(anonymous_5)
FNDA:0,(anonymous_6)
FNDA:0,(anonymous_7)
FNDA:0,(anonymous_8)
FNDA:0,(anonymous_9)
FNDA:0,(anonymous_10)
FNDA:0,(anonymous_11)
FNDA:0,(anonymous_12)
FNDA:0,(anonymous_13)
FNDA:0,(anonymous_14)
FNDA:0,(anonymous_15)
FNDA:0,(anonymous_16)
FNDA:0,(anonymous_17)
FNDA:1,(anonymous_18)
FNDA:0,(anonymous_19)
FNDA:1,(anonymous_20)
FNDA:1,(anonymous_21)
FNDA:1,(anonymous_22)
FNDA:1,(anonymous_23)
FNDA:0,(anonymous_24)
FNDA:0,(anonymous_25)
DA:1,2
DA:2,2
DA:3,2
DA:4,2
DA:5,2
DA:6,2
DA:7,2
DA:9,2
DA:10,1
DA:11,1
DA:12,1
DA:13,1
DA:15,1
DA:16,0
DA:17,0
DA:18,0
DA:21,0
DA:22,0
DA:23,0
DA:24,0
DA:26,0
DA:29,0
DA:30,0
DA:33,0
DA:34,0
DA:39,1
DA:42,0
DA:43,0
DA:49,2
DA:50,1
DA:51,1
DA:52,1
DA:53,1
DA:54,1
DA:61,0
DA:64,0
DA:68,2
DA:69,2
DA:70,0
DA:72,0
DA:73,0
DA:76,0
DA:78,0
DA:80,0
DA:81,0
DA:85,0
DA:86,0
DA:87,0
DA:88,0
DA:92,0
DA:93,0
DA:95,0
DA:96,0
DA:101,2
DA:102,0
DA:103,0
DA:104,0
DA:105,0
DA:106,0
DA:109,0
DA:110,0
DA:111,0
DA:114,0
DA:115,0
DA:117,0
DA:119,0
DA:123,2
DA:124,0
DA:125,0
DA:126,0
DA:127,0
DA:128,0
DA:131,0
DA:132,0
DA:133,0
DA:136,0
DA:137,0
DA:139,0
DA:141,0
DA:146,2
DA:147,0
DA:148,0
DA:149,0
DA:150,0
DA:152,0
DA:156,2
DA:157,0
DA:158,0
DA:159,0
DA:160,0
DA:161,0
DA:162,0
DA:164,0
DA:166,0
DA:170,2
DA:171,0
DA:172,0
DA:173,0
DA:175,0
DA:176,0
DA:178,0
DA:181,0
DA:184,2
DA:185,0
DA:186,0
DA:187,0
DA:189,0
DA:190,0
DA:191,0
DA:194,0
DA:195,0
DA:197,0
DA:198,0
DA:199,0
DA:200,0
DA:202,0
DA:203,0
DA:204,0
DA:206,0
DA:214,0
DA:220,0
DA:225,0
DA:229,2
DA:230,0
DA:231,0
DA:232,0
DA:233,0
DA:235,0
DA:236,0
DA:239,0
DA:241,0
DA:248,0
DA:252,2
DA:253,1
DA:254,1
DA:256,1
DA:257,1
DA:259,0
DA:262,0
DA:266,2
DA:267,0
DA:268,0
DA:270,0
DA:271,0
DA:274,0
DA:280,0
DA:282,0
DA:284,0
DA:287,2
DA:288,1
DA:289,1
DA:290,1
DA:292,0
DA:295,2
DA:296,1
DA:297,1
DA:298,1
DA:300,0
DA:303,2
DA:304,1
DA:305,1
DA:306,1
DA:307,1
DA:308,0
DA:310,1
DA:313,1
DA:314,1
DA:316,0
DA:318,2
DA:319,1
DA:320,1
DA:321,1
DA:322,1
DA:323,1
DA:324,1
DA:325,0
DA:327,1
DA:331,1
DA:332,1
DA:333,1
DA:335,0
DA:340,2
DA:341,0
DA:342,0
DA:343,0
DA:344,0
DA:346,0
DA:349,0
LF:188
LH:63
BRDA:16,0,0,0
BRDA:16,0,1,0
BRDA:16,1,0,0
BRDA:16,1,1,0
BRDA:18,2,0,0
BRDA:18,2,1,0
BRDA:22,3,0,0
BRDA:22,3,1,0
BRDA:22,4,0,0
BRDA:22,4,1,0
BRDA:23,5,0,0
BRDA:23,5,1,0
BRDA:50,6,0,1
BRDA:50,6,1,0
BRDA:50,7,0,1
BRDA:50,7,1,1
BRDA:80,8,0,0
BRDA:80,8,1,0
BRDA:86,9,0,0
BRDA:86,9,1,0
BRDA:105,10,0,0
BRDA:105,10,1,0
BRDA:110,11,0,0
BRDA:110,11,1,0
BRDA:127,12,0,0
BRDA:127,12,1,0
BRDA:132,13,0,0
BRDA:132,13,1,0
BRDA:175,14,0,0
BRDA:175,14,1,0
BRDA:199,15,0,0
BRDA:199,15,1,0
BRDA:202,16,0,0
BRDA:202,16,1,0
BRDA:203,17,0,0
BRDA:203,17,1,0
BRDA:207,18,0,0
BRDA:207,18,1,0
BRDA:256,19,0,1
BRDA:256,19,1,0
BRDA:270,20,0,0
BRDA:270,20,1,0
BRDA:270,21,0,0
BRDA:270,21,1,0
BRDA:270,21,2,0
BRDA:307,22,0,0
BRDA:307,22,1,1
BRDA:324,23,0,0
BRDA:324,23,1,1
BRDA:341,24,0,0
BRDA:341,24,1,0
BRDA:341,25,0,0
BRDA:341,25,1,0
BRDA:343,26,0,0
BRDA:343,26,1,0
BRF:55
BRH:6
end_of_record
TN:
SF:controllers\shopcontroller.js
FN:9,(anonymous_0)
FN:18,(anonymous_1)
FN:19,(anonymous_2)
FN:34,(anonymous_3)
FN:67,(anonymous_4)
FN:101,(anonymous_5)
FN:106,(anonymous_6)
FN:139,(anonymous_7)
FN:164,(anonymous_8)
FN:208,(anonymous_9)
FN:223,(anonymous_10)
FN:251,(anonymous_11)
FN:258,(anonymous_12)
FN:423,(anonymous_13)
FN:440,(anonymous_14)
FN:441,(anonymous_15)
FN:442,(anonymous_16)
FN:488,(anonymous_17)
FN:498,(anonymous_18)
FN:513,(anonymous_19)
FN:532,(anonymous_20)
FN:533,(anonymous_21)
FN:548,(anonymous_22)
FN:580,(anonymous_23)
FN:600,(anonymous_24)
FN:609,(anonymous_25)
FN:640,(anonymous_26)
FN:643,(anonymous_27)
FN:657,(anonymous_28)
FN:674,(anonymous_29)
FN:676,(anonymous_30)
FN:677,(anonymous_31)
FN:680,(anonymous_32)
FN:682,(anonymous_33)
FN:683,(anonymous_34)
FN:700,(anonymous_35)
FN:712,(anonymous_36)
FNF:37
FNH:10
FNDA:1,(anonymous_0)
FNDA:1,(anonymous_1)
FNDA:1,(anonymous_2)
FNDA:1,(anonymous_3)
FNDA:2,(anonymous_4)
FNDA:1,(anonymous_5)
FNDA:0,(anonymous_6)
FNDA:0,(anonymous_7)
FNDA:0,(anonymous_8)
FNDA:0,(anonymous_9)
FNDA:0,(anonymous_10)
FNDA:0,(anonymous_11)
FNDA:0,(anonymous_12)
FNDA:4,(anonymous_13)
FNDA:1,(anonymous_14)
FNDA:1,(anonymous_15)
FNDA:1,(anonymous_16)
FNDA:0,(anonymous_17)
FNDA:0,(anonymous_18)
FNDA:0,(anonymous_19)
FNDA:0,(anonymous_20)
FNDA:0,(anonymous_21)
FNDA:0,(anonymous_22)
FNDA:0,(anonymous_23)
FNDA:0,(anonymous_24)
FNDA:0,(anonymous_25)
FNDA:0,(anonymous_26)
FNDA:0,(anonymous_27)
FNDA:0,(anonymous_28)
FNDA:0,(anonymous_29)
FNDA:0,(anonymous_30)
FNDA:0,(anonymous_31)
FNDA:0,(anonymous_32)
FNDA:0,(anonymous_33)
FNDA:0,(anonymous_34)
FNDA:0,(anonymous_35)
FNDA:0,(anonymous_36)
DA:1,2
DA:2,2
DA:3,2
DA:4,2
DA:5,2
DA:6,2
DA:9,2
DA:10,1
DA:12,1
DA:13,1
DA:14,0
DA:18,1
DA:19,1
DA:20,1
DA:21,0
DA:23,1
DA:27,1
DA:29,0
DA:30,0
DA:34,2
DA:35,1
DA:37,1
DA:39,1
DA:40,1
DA:41,1
DA:42,0
DA:46,1
DA:49,1
DA:56,1
DA:58,1
DA:60,0
DA:63,0
DA:64,0
DA:67,2
DA:68,2
DA:70,2
DA:71,0
DA:74,2
DA:76,2
DA:80,2
DA:81,0
DA:85,2
DA:86,2
DA:87,0
DA:91,2
DA:92,2
DA:93,2
DA:95,0
DA:96,0
DA:101,2
DA:102,1
DA:103,1
DA:105,1
DA:106,0
DA:107,0
DA:108,0
DA:109,0
DA:113,0
DA:114,0
DA:115,0
DA:117,0
DA:120,0
DA:121,0
DA:123,0
DA:126,1
DA:129,1
DA:131,0
DA:139,2
DA:140,0
DA:141,0
DA:144,0
DA:145,0
DA:147,0
DA:148,0
DA:149,0
DA:151,0
DA:152,0
DA:155,0
DA:156,0
DA:158,0
DA:159,0
DA:164,2
DA:165,0
DA:166,0
DA:170,0
DA:171,0
DA:173,0
DA:175,0
DA:176,0
DA:178,0
DA:181,0
DA:185,0
DA:186,0
DA:189,0
DA:191,0
DA:192,0
DA:193,0
DA:195,0
DA:196,0
DA:199,0
DA:208,0
DA:221,0
DA:222,0
DA:223,0
DA:224,0
DA:226,0
DA:227,0
DA:231,0
DA:232,0
DA:233,0
DA:235,0
DA:238,0
DA:239,0
DA:241,0
DA:243,0
DA:245,0
DA:247,0
DA:248,0
DA:251,2
DA:252,0
DA:253,0
DA:256,0
DA:257,0
DA:258,0
DA:260,0
DA:261,0
DA:262,0
DA:265,0
DA:268,0
DA:270,0
DA:273,0
DA:274,0
DA:421,2
DA:423,2
DA:424,4
DA:425,4
DA:428,4
DA:429,3
DA:430,1
DA:431,1
DA:435,2
DA:439,2
DA:441,1
DA:442,1
DA:443,1
DA:444,1
DA:445,1
DA:446,0
DA:447,0
DA:450,0
DA:453,1
DA:471,2
DA:472,1
DA:476,1
DA:477,1
DA:479,1
DA:481,1
DA:482,1
DA:488,2
DA:489,0
DA:490,0
DA:491,0
DA:493,0
DA:498,2
DA:499,0
DA:500,0
DA:501,0
DA:502,0
DA:504,0
DA:509,0
DA:510,0
DA:513,0
DA:514,0
DA:515,0
DA:518,0
DA:521,0
DA:522,0
DA:523,0
DA:525,0
DA:528,0
DA:530,0
DA:531,0
DA:532,0
DA:533,0
DA:540,0
DA:543,0
DA:544,0
DA:548,2
DA:549,0
DA:550,0
DA:552,0
DA:553,0
DA:557,0
DA:558,0
DA:559,0
DA:561,0
DA:574,0
DA:575,0
DA:577,0
DA:580,2
DA:581,0
DA:582,0
DA:583,0
DA:584,0
DA:586,0
DA:587,0
DA:595,0
DA:597,0
DA:600,2
DA:601,0
DA:603,0
DA:604,0
DA:606,0
DA:607,0
DA:609,0
DA:611,0
DA:612,0
DA:613,0
DA:616,0
DA:617,0
DA:620,0
DA:629,0
DA:631,0
DA:636,0
DA:637,0
DA:640,2
DA:641,0
DA:643,0
DA:644,0
DA:645,0
DA:646,0
DA:649,0
DA:652,0
DA:657,2
DA:658,0
DA:660,0
DA:661,0
DA:662,0
DA:666,0
DA:669,0
DA:674,0
DA:675,0
DA:676,0
DA:677,0
DA:680,0
DA:681,0
DA:682,0
DA:683,0
DA:690,0
DA:691,0
DA:693,0
DA:696,0
DA:697,0
DA:700,2
DA:701,0
DA:703,0
DA:707,0
DA:708,0
DA:712,0
DA:720,0
DA:722,0
DA:723,0
LF:262
LH:76
BRDA:13,0,0,0
BRDA:13,0,1,1
BRDA:20,1,0,0
BRDA:20,1,1,1
BRDA:27,2,0,1
BRDA:27,2,1,1
BRDA:39,3,0,1
BRDA:39,3,1,0
BRDA:41,4,0,0
BRDA:41,4,1,1
BRDA:70,5,0,0
BRDA:70,5,1,2
BRDA:70,6,0,2
BRDA:70,6,1,2
BRDA:80,7,0,0
BRDA:80,7,1,2
BRDA:86,8,0,0
BRDA:86,8,1,2
BRDA:102,9,0,1
BRDA:102,9,1,0
BRDA:105,10,0,0
BRDA:105,10,1,1
BRDA:105,11,0,1
BRDA:105,11,1,1
BRDA:108,12,0,0
BRDA:108,12,1,0
BRDA:108,13,0,0
BRDA:108,13,1,0
BRDA:109,14,0,0
BRDA:109,14,1,0
BRDA:114,15,0,0
BRDA:114,15,1,0
BRDA:140,16,0,0
BRDA:140,16,1,0
BRDA:151,17,0,0
BRDA:151,17,1,0
BRDA:175,18,0,0
BRDA:175,18,1,0
BRDA:185,19,0,0
BRDA:185,19,1,0
BRDA:185,20,0,0
BRDA:185,20,1,0
BRDA:185,20,2,0
BRDA:185,20,3,0
BRDA:185,20,4,0
BRDA:185,20,5,0
BRDA:185,20,6,0
BRDA:195,21,0,0
BRDA:195,21,1,0
BRDA:226,22,0,0
BRDA:226,22,1,0
BRDA:226,23,0,0
BRDA:226,23,1,0
BRDA:227,24,0,0
BRDA:227,24,1,0
BRDA:232,25,0,0
BRDA:232,25,1,0
BRDA:260,26,0,0
BRDA:260,26,1,0
BRDA:429,27,0,1
BRDA:429,27,1,2
BRDA:445,28,0,0
BRDA:445,28,1,1
BRDA:445,29,0,1
BRDA:445,29,1,1
BRDA:446,30,0,0
BRDA:446,30,1,0
BRDA:471,31,0,1
BRDA:471,31,1,1
BRDA:509,32,0,0
BRDA:509,32,1,0
BRDA:514,33,0,0
BRDA:514,33,1,0
BRDA:521,34,0,0
BRDA:521,34,1,0
BRDA:521,35,0,0
BRDA:521,35,1,0
BRDA:522,36,0,0
BRDA:522,36,1,0
BRDA:534,37,0,0
BRDA:534,37,1,0
BRDA:535,38,0,0
BRDA:535,38,1,0
BRDA:536,39,0,0
BRDA:536,39,1,0
BRDA:537,40,0,0
BRDA:537,40,1,0
BRDA:552,41,0,0
BRDA:552,41,1,0
BRDA:552,42,0,0
BRDA:552,42,1,0
BRDA:552,42,2,0
BRDA:552,42,3,0
BRDA:552,42,4,0
BRDA:612,43,0,0
BRDA:612,43,1,0
BRDA:616,44,0,0
BRDA:616,44,1,0
BRDA:641,45,0,0
BRDA:641,45,1,0
BRDA:641,46,0,0
BRDA:641,46,1,0
BRDA:644,47,0,0
BRDA:644,47,1,0
BRDA:661,48,0,0
BRDA:661,48,1,0
BRDA:690,49,0,0
BRDA:690,49,1,0
BRDA:707,50,0,0
BRDA:707,50,1,0
BRDA:707,51,0,0
BRDA:707,51,1,0
BRF:112
BRH:22
end_of_record
TN:
SF:controllers\usercontroller.js
FN:8,(anonymous_0)
FN:21,(anonymous_1)
FN:22,(anonymous_2)
FN:49,(anonymous_3)
FN:81,(anonymous_4)
FN:97,(anonymous_5)
FN:133,(anonymous_6)
FN:171,(anonymous_7)
FN:199,(anonymous_8)
FN:220,(anonymous_9)
FN:229,(anonymous_10)
FN:239,(anonymous_11)
FN:270,(anonymous_12)
FN:273,(anonymous_13)
FN:287,(anonymous_14)
FN:311,(anonymous_15)
FNF:16
FNH:10
FNDA:1,(anonymous_0)
FNDA:1,(anonymous_1)
FNDA:1,(anonymous_2)
FNDA:0,(anonymous_3)
FNDA:0,(anonymous_4)
FNDA:0,(anonymous_5)
FNDA:0,(anonymous_6)
FNDA:1,(anonymous_7)
FNDA:6,(anonymous_8)
FNDA:1,(anonymous_9)
FNDA:1,(anonymous_10)
FNDA:0,(anonymous_11)
FNDA:1,(anonymous_12)
FNDA:1,(anonymous_13)
FNDA:1,(anonymous_14)
FNDA:0,(anonymous_15)
DA:1,2
DA:2,2
DA:3,2
DA:4,2
DA:5,2
DA:6,2
DA:8,2
DA:9,1
DA:11,1
DA:12,0
DA:15,1
DA:16,1
DA:17,0
DA:21,1
DA:22,1
DA:23,1
DA:24,0
DA:26,1
DA:30,1
DA:32,0
DA:33,0
DA:38,2
DA:49,2
DA:50,0
DA:51,0
DA:52,0
DA:53,0
DA:55,0
DA:56,0
DA:57,0
DA:58,0
DA:61,0
DA:62,0
DA:63,0
DA:65,0
DA:81,0
DA:82,0
DA:83,0
DA:84,0
DA:86,0
DA:87,0
DA:91,0
DA:92,0
DA:97,2
DA:98,0
DA:100,0
DA:101,0
DA:102,0
DA:103,0
DA:106,0
DA:107,0
DA:110,0
DA:111,0
DA:114,0
DA:115,0
DA:116,0
DA:117,0
DA:118,0
DA:121,0
DA:122,0
DA:125,0
DA:127,0
DA:128,0
DA:133,2
DA:134,0
DA:136,0
DA:137,0
DA:138,0
DA:139,0
DA:142,0
DA:143,0
DA:146,0
DA:147,0
DA:150,0
DA:151,0
DA:152,0
DA:153,0
DA:154,0
DA:157,0
DA:158,0
DA:159,0
DA:160,0
DA:162,0
DA:164,0
DA:165,0
DA:171,2
DA:172,1
DA:173,1
DA:174,1
DA:175,1
DA:176,1
DA:177,1
DA:179,1
DA:181,1
DA:186,1
DA:187,1
DA:189,0
DA:190,0
DA:193,0
DA:194,0
DA:199,2
DA:200,6
DA:201,6
DA:202,6
DA:203,6
DA:205,6
DA:206,6
DA:208,6
DA:209,6
DA:210,6
DA:212,6
DA:214,0
DA:215,0
DA:220,2
DA:222,1
DA:223,1
DA:224,1
DA:226,0
DA:229,2
DA:230,1
DA:231,1
DA:232,1
DA:233,1
DA:235,0
DA:239,2
DA:240,0
DA:243,0
DA:244,0
DA:247,0
DA:249,0
DA:250,0
DA:253,0
DA:255,0
DA:257,0
DA:258,0
DA:262,0
DA:264,0
DA:266,0
DA:267,0
DA:270,2
DA:271,1
DA:273,1
DA:274,1
DA:275,0
DA:276,0
DA:280,1
DA:283,0
DA:287,2
DA:288,1
DA:289,1
DA:290,1
DA:291,1
DA:292,1
DA:293,0
DA:297,1
DA:303,1
DA:304,1
DA:305,1
DA:307,0
DA:308,0
DA:311,2
DA:312,0
DA:313,0
DA:314,0
DA:315,0
DA:316,0
DA:319,0
DA:320,0
DA:322,0
LF:169
LH:68
BRDA:11,0,0,0
BRDA:11,0,1,1
BRDA:11,1,0,1
BRDA:11,1,1,1
BRDA:16,2,0,0
BRDA:16,2,1,1
BRDA:23,3,0,0
BRDA:23,3,1,1
BRDA:30,4,0,1
BRDA:30,4,1,1
BRDA:57,5,0,0
BRDA:57,5,1,0
BRDA:82,6,0,0
BRDA:82,6,1,0
BRDA:102,7,0,0
BRDA:102,7,1,0
BRDA:106,8,0,0
BRDA:106,8,1,0
BRDA:110,9,0,0
BRDA:110,9,1,0
BRDA:115,10,0,0
BRDA:115,10,1,0
BRDA:138,11,0,0
BRDA:138,11,1,0
BRDA:142,12,0,0
BRDA:142,12,1,0
BRDA:146,13,0,0
BRDA:146,13,1,0
BRDA:151,14,0,0
BRDA:151,14,1,0
BRDA:175,15,0,1
BRDA:175,15,1,0
BRDA:177,16,0,0
BRDA:177,16,1,1
BRDA:203,17,0,0
BRDA:203,17,1,6
BRDA:206,18,0,0
BRDA:206,18,1,6
BRDA:222,19,0,1
BRDA:222,19,1,0
BRDA:243,20,0,0
BRDA:243,20,1,0
BRDA:243,21,0,0
BRDA:243,21,1,0
BRDA:249,22,0,0
BRDA:249,22,1,0
BRDA:257,23,0,0
BRDA:257,23,1,0
BRDA:271,24,0,1
BRDA:271,24,1,0
BRDA:271,25,0,1
BRDA:271,25,1,1
BRDA:274,26,0,0
BRDA:274,26,1,1
BRDA:292,27,0,0
BRDA:292,27,1,1
BRF:56
BRH:17
end_of_record
TN:
SF:middlewares\errorHandler.js
FN:2,(anonymous_0)
FNF:1
FNH:0
FNDA:0,(anonymous_0)
DA:2,2
DA:3,0
DA:4,0
DA:5,0
DA:7,0
DA:13,2
LF:6
LH:2
BRDA:9,0,0,0
BRDA:9,0,1,0
BRF:2
BRH:0
end_of_record
TN:
SF:models\Booking.js
FNF:0
FNH:0
DA:1,2
DA:3,2
DA:102,2
LF:3
LH:3
BRF:0
BRH:0
end_of_record
TN:
SF:models\City.js
FNF:0
FNH:0
DA:1,2
DA:2,2
DA:12,2
LF:3
LH:3
BRF:0
BRH:0
end_of_record
TN:
SF:models\Query.js
FNF:0
FNH:0
DA:1,2
DA:3,2
DA:28,2
LF:3
LH:3
BRF:0
BRH:0
end_of_record
TN:
SF:models\Shop.js
FNF:0
FNH:0
DA:2,2
DA:3,2
DA:4,2
DA:6,2
DA:50,2
LF:5
LH:5
BRF:0
BRH:0
end_of_record
TN:
SF:models\Shopsport.js
FNF:0
FNH:0
DA:2,2
DA:4,2
DA:77,2
LF:3
LH:3
BRF:0
BRH:0
end_of_record
TN:
SF:models\Sport.js
FNF:0
FNH:0
DA:1,2
DA:3,2
DA:19,2
LF:3
LH:3
BRF:0
BRH:0
end_of_record
TN:
SF:models\State.js
FNF:0
FNH:0
DA:1,2
DA:2,2
DA:13,2
LF:3
LH:3
BRF:0
BRH:0
end_of_record
TN:
SF:models\User.js
FNF:0
FNH:0
DA:2,2
DA:4,2
DA:60,2
LF:3
LH:3
BRF:0
BRH:0
end_of_record
TN:
SF:routes\adminroutes.js
FNF:0
FNH:0
DA:1,2
DA:2,2
DA:3,2
DA:37,2
DA:62,2
DA:87,2
DA:110,2
DA:131,2
DA:152,2
DA:173,2
DA:196,2
DA:217,2
DA:244,2
DA:269,2
DA:288,2
DA:307,2
DA:330,2
DA:355,2
DA:370,2
DA:372,2
LF:20
LH:20
BRF:0
BRH:0
end_of_record
TN:
SF:routes\shoproutes.js
FN:16,(anonymous_0)
FNF:1
FNH:0
FNDA:0,(anonymous_0)
DA:1,2
DA:2,2
DA:3,2
DA:4,2
DA:15,2
DA:16,2
DA:17,0
DA:18,0
DA:20,0
DA:23,2
DA:54,2
DA:81,2
DA:95,2
DA:128,2
DA:178,2
DA:194,2
DA:219,2
DA:256,2
DA:270,2
DA:295,2
DA:309,2
DA:325,2
DA:350,2
DA:366,2
DA:380,2
DA:382,2
LF:26
LH:23
BRDA:17,0,0,0
BRDA:17,0,1,0
BRF:2
BRH:0
end_of_record
TN:
SF:routes\userroutes.js
FNF:0
FNH:0
DA:1,2
DA:2,2
DA:3,2
DA:41,2
DA:77,2
DA:98,2
DA:123,2
DA:165,2
DA:196,2
DA:217,2
DA:242,2
DA:258,2
DA:287,2
DA:316,2
DA:318,2
LF:15
LH:15
BRF:0
BRH:0
end_of_record
